\BOOKMARK [0][-]{chapter.1}{\376\377\160\355\122\233\133\146\166\204\176\337\213\241\133\146\127\372\170\100}{}% 1
\BOOKMARK [1][-]{section.1.1}{\376\377\133\217\211\302\162\266\140\001\116\016\137\256\211\302\162\266\140\001}{chapter.1}% 2
\BOOKMARK [1][-]{section.1.2}{\376\377\176\337\213\241\133\146\116\016\160\355\122\233\133\146\116\113\225\364\166\204\200\124\174\373\377\032\000\134\000O\000m\000e\000g\000a\000\050\000N\000,\000\040\000V\000,\000\040\000E\000\051\217\331\116\000\145\160\120\074\166\204\162\151\164\006\141\017\116\111}{chapter.1}% 3
\BOOKMARK [1][-]{section.1.3}{\376\377\176\317\121\170\164\006\140\363\154\024\117\123}{chapter.1}% 4
\BOOKMARK [1][-]{section.1.4}{\376\377\155\367\124\010\161\265\116\016\124\011\136\003\145\257\140\226\213\272}{chapter.1}% 5
\BOOKMARK [1][-]{section.1.5}{\376\377\000"\153\143\170\156\000"\166\204\137\256\140\001\147\232\116\076}{chapter.1}% 6
\BOOKMARK [1][-]{section.1.6}{\376\377\225\356\230\230}{chapter.1}% 7
\BOOKMARK [0][-]{chapter.2}{\376\377\226\306\124\010\213\272\166\204\127\372\147\054\211\201\175\040}{}% 8
\BOOKMARK [1][-]{section.2.1}{\376\377\176\317\121\170\174\373\176\337\166\204\166\370\172\172\225\364}{chapter.2}% 9
\BOOKMARK [1][-]{section.2.2}{\376\377\122\030\176\364\134\024\133\232\164\006\123\312\121\166\143\250\213\272}{chapter.2}% 10
\BOOKMARK [1][-]{section.2.3}{\376\377\137\256\153\143\122\031\174\373\176\374}{chapter.2}% 11
\BOOKMARK [1][-]{section.2.4}{\376\377\171\072\117\213}{chapter.2}% 12
\BOOKMARK [1][-]{section.2.5}{\376\377\225\356\230\230}{chapter.2}% 13
\BOOKMARK [0][-]{chapter.3}{\376\377\136\070\211\304\226\306\124\010}{}% 14
\BOOKMARK [1][-]{section.3.1}{\376\377\174\373\176\337\116\016\160\355\136\223\116\113\225\364\166\204\136\163\210\141}{chapter.3}% 15
\BOOKMARK [1][-]{section.3.2}{\376\377\153\143\122\031\174\373\176\374\116\055\166\204\174\373\176\337}{chapter.3}% 16
\BOOKMARK [1][-]{section.3.3}{\376\377\153\143\122\031\174\373\176\374\116\055\124\004\176\337\213\241\221\317\166\204\162\151\164\006\141\017\116\111}{chapter.3}% 17
\BOOKMARK [1][-]{section.3.4}{\376\377\122\006\221\115\121\375\145\160\166\204\121\166\116\326\210\150\217\276\137\017}{chapter.3}% 18
\BOOKMARK [1][-]{section.3.5}{\376\377\153\143\122\031\174\373\176\374\116\055\166\204\200\375\221\317\154\342\122\250\377\032\116\016\137\256\153\143\122\031\174\373\176\374\166\204\133\371\136\224\121\163\174\373}{chapter.3}% 19
\BOOKMARK [1][-]{section.3.6}{\376\377\116\044\116\052\133\232\164\006\040\024\040\024\000"\200\375\221\317\127\107\122\006\133\232\164\006\000"\116\016\000"\176\364\221\314\133\232\164\006\000"}{chapter.3}% 20
\BOOKMARK [1][-]{section.3.7}{\376\377\127\372\116\216\214\020\143\057\133\120\166\204\174\373\176\337}{chapter.3}% 21
\BOOKMARK [1][-]{section.3.8}{\376\377\225\356\230\230}{chapter.3}% 22
\BOOKMARK [0][-]{chapter.4}{\376\377\135\350\211\302\211\304\203\003\140\001}{}% 23
\BOOKMARK [1][-]{section.4.1}{\376\377\174\373\176\337\116\016\174\222\133\120\000-\200\375\221\317\120\250\177\120\116\113\225\364\166\204\136\163\210\141}{chapter.4}% 24
\BOOKMARK [1][-]{section.4.2}{\376\377\135\350\153\143\122\031\174\373\176\374\116\055\166\204\174\373\176\337}{chapter.4}% 25
\BOOKMARK [1][-]{section.4.3}{\376\377\124\004\171\315\176\337\213\241\221\317\166\204\162\151\164\006\141\017\116\111}{chapter.4}% 26
\BOOKMARK [1][-]{section.4.4}{\376\377\171\072\117\213}{chapter.4}% 27
\BOOKMARK [1][-]{section.4.5}{\376\377\135\350\153\143\122\031\174\373\176\374\116\055\166\204\133\306\136\246\116\016\200\375\221\317\155\250\204\075\377\032\116\016\121\166\116\326\174\373\176\374\166\204\133\371\136\224\121\163\174\373}{chapter.4}% 28
\BOOKMARK [1][-]{section.4.6}{\376\377\160\355\122\233\133\146\166\370\126\376}{chapter.4}% 29
\BOOKMARK [1][-]{section.4.7}{\376\377\225\356\230\230}{chapter.4}% 30
\BOOKMARK [0][-]{chapter.5}{\376\377\221\317\133\120\176\337\213\241\166\204\210\150\217\360}{}% 31
\BOOKMARK [1][-]{section.5.1}{\376\377\221\317\133\120\122\233\133\146\116\055\166\204\176\337\213\241\164\006\213\272\377\032\133\306\136\246\167\351\226\065}{chapter.5}% 32
\BOOKMARK [1][-]{section.5.2}{\376\377\124\004\171\315\176\337\213\241\174\373\176\374\166\204\176\337\213\241\162\171\140\047}{chapter.5}% 33
\BOOKMARK [1][-]{section.5.3}{\376\377\137\256\153\143\122\031\174\373\176\374}{chapter.5}% 34
\BOOKMARK [1][-]{section.5.4}{\376\377\153\143\122\031\174\373\176\374}{chapter.5}% 35
\BOOKMARK [1][-]{section.5.5}{\376\377\135\350\153\143\122\031\174\373\176\374}{chapter.5}% 36
\BOOKMARK [1][-]{section.5.6}{\376\377\171\072\117\213}{chapter.5}% 37
\BOOKMARK [1][-]{section.5.7}{\376\377\170\301\127\072\116\055\166\204\165\065\133\120}{chapter.5}% 38
\BOOKMARK [1][-]{section.5.8}{\376\377\173\261\121\205\201\352\165\061\174\222\133\120}{chapter.5}% 39
\BOOKMARK [1][-]{section.5.9}{\376\377\176\277\140\047\214\020\143\057\133\120}{chapter.5}% 40
\BOOKMARK [1][-]{section.5.10}{\376\377\201\352\165\061\174\222\133\120\174\373\176\337\166\204\133\306\136\246\167\351\226\065\116\016\221\115\122\006\121\375\145\160}{chapter.5}% 41
\BOOKMARK [0][-]{chapter.6}{\376\377\173\200\123\125\154\024\117\123\164\006\213\272}{}% 42
\BOOKMARK [1][-]{section.6.1}{\376\377\127\050\221\317\133\120\122\233\133\146\137\256\153\143\122\031\174\373\176\374\116\055\166\204\164\006\140\363\154\024\117\123}{chapter.6}% 43
\BOOKMARK [1][-]{section.6.2}{\376\377\121\166\116\326\221\317\133\120\122\233\133\146\174\373\176\374\116\013\166\204\164\006\140\363\154\024\117\123}{chapter.6}% 44
\BOOKMARK [1][-]{section.6.3}{\376\377\123\140\143\156\145\160\166\204\176\337\213\241\140\047\215\050}{chapter.6}% 45
\BOOKMARK [1][-]{section.6.4}{\376\377\122\250\122\233\133\146\200\003\221\317}{chapter.6}% 46
\BOOKMARK [1][-]{section.6.5}{\376\377\165\061\121\167\147\011\121\205\220\350\217\320\122\250\166\204\122\006\133\120\147\204\142\020\166\204\154\024\117\123\174\373\176\337}{chapter.6}% 47
\BOOKMARK [1][-]{section.6.6}{\376\377\123\125\123\237\133\120\122\006\133\120}{chapter.6}% 48
\BOOKMARK [1][-]{section.6.7}{\376\377\000B\000\040\116\214\123\237\133\120\122\006\133\120}{chapter.6}% 49
\BOOKMARK [1][-]{section.6.8}{\376\377\123\026\133\146\136\163\210\141}{chapter.6}% 50
\BOOKMARK [1][-]{section.6.9}{\376\377\225\356\230\230}{chapter.6}% 51
\BOOKMARK [0][-]{chapter.7}{\376\377\164\006\140\363\163\273\202\162\174\373\176\337}{}% 52
\BOOKMARK [1][-]{section.7.1}{\376\377\164\006\140\363\163\273\202\162\154\024\117\123\166\204\160\355\122\233\133\146\210\114\116\072}{chapter.7}% 53
\BOOKMARK [1][-]{section.7.2}{\376\377\215\205\121\267\123\237\133\120\154\024\117\123\116\055\166\204\163\273\202\162\000-\162\061\126\340\145\257\127\146\121\335\200\132}{chapter.7}% 54
\BOOKMARK [1][-]{section.7.3}{\376\377\000A\000\040\163\273\202\162\000-\162\061\126\340\145\257\127\146\121\335\200\132\166\204\143\242\155\113}{chapter.7}% 55
\BOOKMARK [1][-]{section.7.4}{\376\377\000B\000\040\163\273\202\162\000-\162\061\126\340\145\257\127\146\121\335\200\132\117\123\166\204\160\355\122\233\133\146\140\047\215\050}{chapter.7}% 56
\BOOKMARK [1][-]{section.7.5}{\376\377\236\321\117\123\217\220\134\004\166\204\160\355\122\233\133\146}{chapter.7}% 57
\BOOKMARK [1][-]{section.7.6}{\376\377\130\360\154\342\230\206\127\337}{chapter.7}% 58
\BOOKMARK [1][-]{section.7.7}{\376\377\130\360\127\072\166\204\140\357\140\047\133\306\136\246}{chapter.7}% 59
\BOOKMARK [1][-]{section.7.8}{\376\377\225\356\230\230}{chapter.7}% 60
\BOOKMARK [0][-]{chapter.8}{\376\377\164\006\140\363\215\071\174\163\174\373\176\337}{}% 61
\BOOKMARK [1][-]{section.8.1}{\376\377\164\006\140\363\215\071\174\163\154\024\117\123\166\204\160\355\122\233\133\146\210\114\116\072}{chapter.8}% 62
\BOOKMARK [1][-]{section.8.2}{\376\377\000B\000\040\121\160\220\123\170\301\123\026\163\207}{chapter.8}% 63
\BOOKMARK [1][-]{section.8.3}{\376\377\000A\000\040\160\355\165\065\133\120\123\321\134\004\377\010\164\006\147\345\137\267\150\356\145\110\136\224\377\011}{chapter.8}% 64
\BOOKMARK [1][-]{section.8.4}{\376\377\123\237\133\120\166\204\176\337\213\241\152\041\127\213}{chapter.8}% 65
\BOOKMARK [1][-]{section.8.5}{\376\377\225\356\230\230}{chapter.8}% 66
\BOOKMARK [0][-]{chapter.9}{\376\377\160\355\122\233\133\146\116\016\145\351\147\037\133\207\133\231}{}% 67
\BOOKMARK [1][-]{section.9.1}{\376\377\131\047\162\006\160\270\166\204\211\302\155\113\213\301\143\156}{chapter.9}% 68
\BOOKMARK [1][-]{section.9.2}{\376\377\166\370\133\371\213\272\165\065\133\120\060\001\153\143\165\065\133\120\116\016\116\055\137\256\133\120}{chapter.9}% 69
\BOOKMARK [1][-]{section.9.3}{\376\377\116\055\133\120\122\006\145\160}{chapter.9}% 70
\BOOKMARK [1][-]{section.9.4}{\376\377\153\143\165\065\133\120\116\016\165\065\133\120\166\204\156\156\160\155}{chapter.9}% 71
\BOOKMARK [1][-]{section.9.5}{\376\377\123\237\131\313\150\070\124\010\142\020}{chapter.9}% 72
\BOOKMARK [1][-]{section.9.6}{\376\377\121\215\176\323\124\010}{chapter.9}% 73
\BOOKMARK [0][-]{chapter.10}{\376\377\166\370\116\222\117\134\165\050\166\204\174\373\176\337\176\337\213\241\122\233\133\146\377\032\174\007\134\125\137\000\145\271\154\325}{}% 74
\BOOKMARK [1][-]{section.10.1}{\376\377\176\317\121\170\154\024\117\123\166\204\174\007\134\125\137\000}{chapter.10}% 75
\BOOKMARK [1][-]{section.10.2}{\376\377\162\266\140\001\145\271\172\013\166\204\176\364\221\314\134\125\137\000}{chapter.10}% 76
\BOOKMARK [1][-]{section.10.3}{\376\377\176\364\221\314\174\373\145\160\166\204\213\304\117\060}{chapter.10}% 77
\BOOKMARK [1][-]{section.10.4}{\376\377\121\163\116\216\174\007\134\125\137\000\166\204\116\000\202\054\213\304\213\272}{chapter.10}% 78
\BOOKMARK [1][-]{section.10.5}{\376\377\173\054\116\214\176\364\221\314\174\373\145\160\166\204\174\276\170\156\131\004\164\006}{chapter.10}% 79
\BOOKMARK [1][-]{section.10.6}{\376\377\221\317\133\120\122\233\133\146\174\373\176\337\166\204\174\007\134\125\137\000}{chapter.10}% 80
\BOOKMARK [1][-]{section.10.7}{\376\377\166\370\121\163\140\047\124\214\145\143\134\004}{chapter.10}% 81
\BOOKMARK [1][-]{section.10.8}{\376\377\227\131\140\001\176\323\147\204\126\340\133\120}{chapter.10}% 82
\BOOKMARK [1][-]{section.10.9}{\376\377\225\356\230\230}{chapter.10}% 83
\BOOKMARK [0][-]{chapter.11}{\376\377\166\370\116\222\117\134\165\050\174\373\176\337\166\204\176\337\213\241\122\233\133\146\377\032\221\317\133\120\127\072\145\271\154\325}{}% 84
\BOOKMARK [1][-]{section.11.1}{\376\377\116\214\153\041\221\317\133\120\123\026\166\204\164\006\213\272\150\106\147\266}{chapter.11}% 85
\BOOKMARK [1][-]{section.11.2}{\376\377\227\136\164\006\140\363\163\273\202\162\154\024\117\123\166\204\117\116\156\051\210\114\116\072}{chapter.11}% 86
\BOOKMARK [2][-]{subsection.11.2.1}{\376\377\166\370\116\222\117\134\165\050\133\371\215\205\121\267\123\237\133\120\163\273\202\162\000-\162\061\126\340\145\257\127\146\121\335\200\132\166\204\137\161\124\315}{section.11.2}% 87
\BOOKMARK [1][-]{section.11.3}{\376\377\227\136\164\006\140\363\163\273\202\162\154\024\117\123\166\204\117\116\157\300\123\321\140\001}{chapter.11}% 88
\BOOKMARK [1][-]{section.11.4}{\376\377\163\273\202\162\155\262\117\123\166\204\200\375\221\317\214\061}{chapter.11}% 89
\BOOKMARK [1][-]{section.11.5}{\376\377\221\317\133\120\123\026\163\257\155\101\140\001}{chapter.11}% 90
\BOOKMARK [1][-]{section.11.6}{\376\377\221\317\133\120\123\026\155\241\145\313\163\257\116\016\215\205\155\101\140\047\166\204\170\064\177\072}{chapter.11}% 91
\BOOKMARK [1][-]{section.11.7}{\376\377\215\071\174\163\155\262\117\123\166\204\200\375\221\317\214\061\377\032\147\027\220\123\125\057\214\141\164\006\213\272}{chapter.11}% 92
\BOOKMARK [1][-]{section.11.8}{\376\377\215\071\174\163\174\373\176\337\166\204\121\335\200\132}{chapter.11}% 93
\BOOKMARK [0][-]{chapter.12}{\376\377\166\370\123\330\377\032\116\064\165\114\163\260\214\141\060\001\146\156\220\115\140\047\116\016\150\007\136\246\210\114\116\072}{}% 94
\BOOKMARK [1][-]{section.12.1}{\376\377\121\163\116\216\121\335\200\132\225\356\230\230\166\204\116\000\202\054\140\047\213\364\146\016}{chapter.12}% 95
\BOOKMARK [1][-]{section.12.2}{\376\377\203\003\137\267\123\116\154\024\117\123\166\204\121\335\176\323}{chapter.12}% 96
\BOOKMARK [1][-]{section.12.3}{\376\377\166\370\123\330\166\204\122\250\122\233\133\146\152\041\127\213}{chapter.12}% 97
\BOOKMARK [1][-]{section.12.4}{\376\377\146\166\150\074\154\024\117\123\116\016\116\214\121\103\124\010\221\321}{chapter.12}% 98
\BOOKMARK [1][-]{section.12.5}{\376\377\226\366\153\041\217\321\117\074\116\013\166\204\117\012\217\233\152\041\127\213}{chapter.12}% 99
\BOOKMARK [1][-]{section.12.6}{\376\377\121\163\225\056\143\007\145\160}{chapter.12}% 100
\BOOKMARK [1][-]{section.12.7}{\376\377\160\355\122\233\133\146\116\015\173\111\137\017}{chapter.12}% 101
\BOOKMARK [1][-]{section.12.8}{\376\377\147\027\220\123\166\204\125\057\214\141\164\006\213\272}{chapter.12}% 102
\BOOKMARK [1][-]{section.12.9}{\376\377\160\355\122\233\133\146\121\375\145\160\166\204\150\007\136\246\120\107\213\276}{chapter.12}% 103
\BOOKMARK [1][-]{section.12.10}{\376\377\166\370\121\163\140\047\124\214\155\250\204\075\166\204\117\134\165\050}{chapter.12}% 104
\BOOKMARK [1][-]{section.12.11}{\376\377\116\064\165\114\143\007\145\160\000\040\000\134\000n\000u\000\040\124\214\000\040\000\134\000e\000t\000a}{chapter.12}% 105
\BOOKMARK [1][-]{section.12.12}{\376\377\147\000\124\016\116\000\167\245\377\032\136\163\127\107\127\072\164\006\213\272}{chapter.12}% 106
\BOOKMARK [1][-]{section.12.13}{\376\377\225\356\230\230}{chapter.12}% 107
\BOOKMARK [0][-]{chapter.13}{\376\377\166\370\123\330\377\032\124\004\174\173\152\041\127\213\166\204\174\276\170\156\377\010\142\026\217\321\116\116\174\276\170\156\377\011\176\323\147\234}{}% 108
\BOOKMARK [1][-]{section.13.1}{\376\377\116\000\176\364\155\101\117\123\152\041\127\213}{chapter.13}% 109
\BOOKMARK [1][-]{section.13.2}{\376\377\000A\000\040\163\257\137\142\170\154\164\003}{chapter.13}% 110
\BOOKMARK [1][-]{section.13.3}{\376\377\000B\000\040\116\000\176\364\155\101\117\123\166\204\173\111\123\213\174\373\176\374}{chapter.13}% 111
\BOOKMARK [1][-]{section.13.4}{\376\377\116\000\176\364\116\055\166\204\000n\176\364\124\021\221\317\152\041\127\213}{chapter.13}% 112
\BOOKMARK [1][-]{section.13.5}{\376\377\117\116\156\051\134\125\137\000}{chapter.13}% 113
\BOOKMARK [1][-]{section.13.6}{\376\377\121\166\116\326\140\047\215\050}{chapter.13}% 114
\BOOKMARK [1][-]{section.13.7}{\376\377\000A\000\040\147\011\226\120\134\072\133\370\146\166\150\074\116\012\166\204\116\214\176\364\117\012\217\233\152\041\127\213}{chapter.13}% 115
\BOOKMARK [1][-]{section.13.8}{\376\377\160\355\122\233\133\146\121\375\145\160}{chapter.13}% 116
\BOOKMARK [1][-]{section.13.9}{\376\377\116\064\165\114\210\114\116\072}{chapter.13}% 117
\BOOKMARK [1][-]{section.13.10}{\376\377\116\373\141\017\176\364\136\246\116\013\166\204\164\006\140\363\163\273\202\162\154\024\117\123}{chapter.13}% 118
\BOOKMARK [1][-]{section.13.11}{\376\377\121\166\116\326\152\041\127\213}{chapter.13}% 119
\BOOKMARK [1][-]{section.13.12}{\376\377\176\246\123\026\177\244\145\271\154\325}{chapter.13}% 120
\BOOKMARK [1][-]{section.13.13}{\376\377\000M\000o\000n\000t\000e\000\040\000C\000a\000r\000l\000o\000\040\145\271\154\325}{chapter.13}% 121
\BOOKMARK [1][-]{section.13.14}{\376\377\225\356\230\230}{chapter.13}% 122
\BOOKMARK [0][-]{chapter.14}{\376\377\166\370\123\330\377\032\221\315\153\143\123\026\177\244\145\271\154\325}{}% 123
\BOOKMARK [1][-]{section.14.1}{\376\377\150\007\136\246\164\006\213\272\166\204\151\202\137\365\127\372\170\100}{chapter.14}% 124
\BOOKMARK [1][-]{section.14.2}{\376\377\000B\000\040\116\000\176\364\164\003\137\142\152\041\127\213}{chapter.14}% 125
\BOOKMARK [1][-]{section.14.3}{\376\377\000C\000\040\116\214\176\364\117\012\217\233\152\041\127\213}{chapter.14}% 126
\BOOKMARK [1][-]{section.14.4}{\376\377\221\315\145\164\123\026\177\244\377\032\116\000\202\054\140\047\210\150\217\360}{chapter.14}% 127
\BOOKMARK [1][-]{section.14.5}{\376\377\000D\000\040\000\134\000e\000p\000s\000i\000l\000o\000n\000\040\176\247\145\160\134\125\137\000}{chapter.14}% 128
\BOOKMARK [1][-]{section.14.6}{\376\377\000E\000\040\0001\000/\000n\000\040\134\125\137\000\137\017}{chapter.14}% 129
\BOOKMARK [1][-]{section.14.7}{\376\377\000F\000\040\121\166\116\326\116\073\230\230}{chapter.14}% 130
\BOOKMARK [1][-]{section.14.8}{\376\377\147\011\226\120\134\072\133\370\150\007\136\246}{chapter.14}% 131
\BOOKMARK [1][-]{section.14.9}{\376\377\225\356\230\230}{chapter.14}% 132
\BOOKMARK [0][-]{chapter.15}{\376\377\155\250\204\075\116\016\227\136\136\163\210\141\176\337\213\241\122\233\133\146}{}% 133
\BOOKMARK [1][-]{section.15.1}{\376\377\136\163\210\141\160\355\122\233\133\146\155\250\204\075}{chapter.15}% 134
\BOOKMARK [1][-]{section.15.2}{\376\377\162\061\126\340\145\257\127\146\000-\145\257\203\253\123\142\227\015\131\053\145\257\127\372\166\204\136\003\147\027\217\320\122\250\164\006\213\272}{chapter.15}% 135
\BOOKMARK [1][-]{section.15.3}{\376\377\147\027\116\113\116\007\164\006\213\272\116\013\166\204\136\003\147\027\217\320\122\250}{chapter.15}% 136
\BOOKMARK [1][-]{section.15.4}{\376\377\000A\000\040\000?\000?\000?\000?\000?\000?\000?\000?\000?}{chapter.15}% 137
\BOOKMARK [1][-]{section.15.5}{\376\377\154\342\122\250\000-\200\027\145\143\133\232\164\006}{chapter.15}% 138
\BOOKMARK [1][-]{section.15.6}{\376\377\000B\000\040\000?\000?\000?\000?\000?}{chapter.15}% 139
\BOOKMARK [1][-]{section.15.7}{\376\377\225\356\230\230}{chapter.15}% 140
\BOOKMARK [0][-]{chapter.16}{\376\377\213\241\173\227\147\072\152\041\142\337}{}% 141
\BOOKMARK [1][-]{section.16.1}{\376\377\137\025\212\000\116\016\176\337\213\241\133\146}{chapter.16}% 142
\BOOKMARK [1][-]{section.16.2}{\376\377\204\231\162\171\123\141\155\033\152\041\142\337}{chapter.16}% 143
\BOOKMARK [1][-]{section.16.3}{\376\377\000A\000\040\150\205\162\171\177\127\154\342\122\051\145\257\204\231\162\171\123\141\155\033\173\227\154\325}{chapter.16}% 144
\BOOKMARK [1][-]{section.16.4}{\376\377\000A\000\040\122\006\133\120\122\250\122\233\133\146\173\227\154\325}{chapter.16}% 145
\BOOKMARK [1][-]{section.16.5}{\376\377\174\222\133\120\152\041\142\337}{chapter.16}% 146
\BOOKMARK [1][-]{section.16.6}{\376\377\000A\000\040\170\154\164\003\166\204\152\041\142\337}{chapter.16}% 147
\BOOKMARK [1][-]{section.16.7}{\376\377\213\241\173\227\147\072\152\041\142\337\166\204\134\100\226\120\140\047}{chapter.16}% 148
\BOOKMARK [1][-]{section.16.8}{\376\377\225\356\230\230}{chapter.16}% 149
\BOOKMARK [0][-]{AMS.2818}{\376\377\000A\000p\000p\000e\000n\000d\000i\000x}{}% 150
\BOOKMARK [1][-]{section.Alph0.1}{\376\377\217\271\165\114\147\141\116\366\133\371\221\317\133\120\140\001\122\006\136\003\166\204\137\161\124\315}{AMS.2818}% 151
\BOOKMARK [1][-]{section.Alph0.2}{\376\377\147\320\116\233\145\160\133\146\121\375\145\160}{AMS.2818}% 152
\BOOKMARK [1][-]{section.Alph0.3}{\376\377\000"\117\123\171\357\000"\116\016\000"\210\150\227\142\171\357\000"\040\024\040\024\000n\176\364\164\003\117\123\166\204\117\123\171\357\377\014\123\112\137\204\116\072\000\040\000R}{AMS.2818}% 153
\BOOKMARK [1][-]{section.Alph0.4}{\376\377\121\163\116\216\163\273\202\162\000-\162\061\126\340\145\257\127\146\121\375\145\160}{AMS.2818}% 154
\BOOKMARK [1][-]{section.Alph0.5}{\376\377\121\163\116\216\215\071\174\163\000-\162\304\142\311\121\113\121\375\145\160}{AMS.2818}% 155
\BOOKMARK [1][-]{section.Alph0.6}{\376\377\116\000\171\315\133\371\164\006\140\363\163\273\202\162\154\024\117\123\123\312\163\273\202\162\000-\162\061\126\340\145\257\127\146\121\335\200\132\215\167\131\313\226\066\153\265\166\204\116\045\150\074\122\006\147\220}{AMS.2818}% 156
\BOOKMARK [1][-]{section.Alph0.7}{\376\377\121\163\116\216\154\203\150\356\121\375\145\160}{AMS.2818}% 157
\BOOKMARK [1][-]{section.Alph0.8}{\376\377\160\355\122\233\133\146\121\163\174\373}{AMS.2818}% 158
\BOOKMARK [1][-]{section.Alph0.9}{\376\377\161\265\000\040\000S\000\050\000N\000,\000V\000,\000U\000\051\000\040\116\016\137\256\153\143\122\031\174\373\176\374}{AMS.2818}% 159
\BOOKMARK [1][-]{section.Alph0.10}{\376\377\215\153\134\024\131\306\227\015\121\171\201\352\165\061\200\375\000\040\000A\000\050\000N\000,\000V\000,\000T\000\051\000=\000U\000-\000T\000S\000\040\116\016\211\304\203\003\174\373\176\374}{AMS.2818}% 160
\BOOKMARK [1][-]{section.Alph0.11}{\376\377\160\355\122\233\133\146\122\277\000\040\000\134\000P\000i\000\050\000\134\000m\000u\000,\000V\000,\000T\000\051\000=\000-\000A\000+\000\134\000m\000u\000\040\000N\000=\000P\000V\000\040\116\016\131\047\153\143\122\031\174\373\176\374}{AMS.2818}% 161
\BOOKMARK [1][-]{section.Alph0.12}{\376\377\173\227\154\325}{AMS.2818}% 162
\BOOKMARK [1][-]{section.Alph0.13}{\376\377\232\330\145\257\122\006\136\003\166\204\117\052\226\217\147\072\145\160}{AMS.2818}% 163
