This is XeTeX, Version 3.141592653-2.6-0.999995 (TeX Live 2023) (preloaded format=xelatex 2024.2.18)  4 MAY 2026 11:53
entering extended mode
 restricted \write18 enabled.
 file:line:error style messages enabled.
 %&-line parsing enabled.
**"e:/BOOK/Statistical Mechanics-3rd-Pathria/main"
(e:/BOOK/Statistical Mechanics-3rd-Pathria/main.tex
LaTeX2e <2022-11-01> patch level 1
L3 programming layer <2023-02-22> (d:/texlive/2023/texmf-dist/tex/latex/base/book.cls
Document Class: book 2022/07/02 v1.4n Standard LaTeX document class
(d:/texlive/2023/texmf-dist/tex/latex/base/bk12.clo
File: bk12.clo 2022/07/02 v1.4n Standard LaTeX file (size option)
)
\c@part=\count181
\c@chapter=\count182
\c@section=\count183
\c@subsection=\count184
\c@subsubsection=\count185
\c@paragraph=\count186
\c@subparagraph=\count187
\c@figure=\count188
\c@table=\count189
\abovecaptionskip=\skip48
\belowcaptionskip=\skip49
\bibindent=\dimen140
) (d:/texlive/2023/texmf-dist/tex/latex/ctex/ctex.sty (d:/texlive/2023/texmf-dist/tex/latex/l3kernel/expl3.sty
Package: expl3 2023-02-22 L3 programming layer (loader) 
 (d:/texlive/2023/texmf-dist/tex/latex/l3backend/l3backend-xetex.def
File: l3backend-xetex.def 2023-01-16 L3 backend support: XeTeX
\g__graphics_track_int=\count190
\l__pdf_internal_box=\box51
\g__pdf_backend_object_int=\count191
\g__pdf_backend_annotation_int=\count192
\g__pdf_backend_link_int=\count193
))
Package: ctex 2022/07/14 v2.5.10 Chinese adapter in LaTeX (CTEX)
 (d:/texlive/2023/texmf-dist/tex/latex/ctex/ctexhook.sty
Package: ctexhook 2022/07/14 v2.5.10 Document and package hooks (CTEX)
) (d:/texlive/2023/texmf-dist/tex/latex/ctex/ctexpatch.sty
Package: ctexpatch 2022/07/14 v2.5.10 Patching commands (CTEX)
) (d:/texlive/2023/texmf-dist/tex/latex/base/fix-cm.sty
Package: fix-cm 2020/11/24 v1.1t fixes to LaTeX
 (d:/texlive/2023/texmf-dist/tex/latex/base/ts1enc.def
File: ts1enc.def 2001/06/05 v3.0e (jk/car/fm) Standard LaTeX file
LaTeX Font Info:    Redeclaring font encoding TS1 on input line 47.
))
\l__ctex_tmp_int=\count194
\l__ctex_tmp_box=\box52
\l__ctex_tmp_dim=\dimen141
\g__ctex_section_depth_int=\count195
\g__ctex_font_size_int=\count196
 (d:/texlive/2023/texmf-dist/tex/latex/ctex/config/ctexopts.cfg
File: ctexopts.cfg 2022/07/14 v2.5.10 Option configuration file (CTEX)
) (d:/texlive/2023/texmf-dist/tex/latex/ctex/engine/ctex-engine-xetex.def
File: ctex-engine-xetex.def 2022/07/14 v2.5.10 XeLaTeX adapter (CTEX)
 (d:/texlive/2023/texmf-dist/tex/xelatex/xecjk/xeCJK.sty
Package: xeCJK 2022/08/05 v3.9.1 Typesetting CJK scripts with XeLaTeX
 (d:/texlive/2023/texmf-dist/tex/latex/l3packages/xtemplate/xtemplate.sty
Package: xtemplate 2023-02-02 L3 Experimental prototype document functions
\l__xtemplate_tmp_dim=\dimen142
\l__xtemplate_tmp_int=\count197
\l__xtemplate_tmp_muskip=\muskip16
\l__xtemplate_tmp_skip=\skip50
)
\l__xeCJK_tmp_int=\count198
\l__xeCJK_tmp_box=\box53
\l__xeCJK_tmp_dim=\dimen143
\l__xeCJK_tmp_skip=\skip51
\g__xeCJK_space_factor_int=\count199
\l__xeCJK_begin_int=\count266
\l__xeCJK_end_int=\count267
\c__xeCJK_CJK_class_int=\XeTeXcharclass1
\c__xeCJK_FullLeft_class_int=\XeTeXcharclass2
\c__xeCJK_FullRight_class_int=\XeTeXcharclass3
\c__xeCJK_HalfLeft_class_int=\XeTeXcharclass4
\c__xeCJK_HalfRight_class_int=\XeTeXcharclass5
\c__xeCJK_NormalSpace_class_int=\XeTeXcharclass6
\c__xeCJK_CM_class_int=\XeTeXcharclass7
\c__xeCJK_HangulJamo_class_int=\XeTeXcharclass8
\l__xeCJK_last_skip=\skip52
\c__xeCJK_none_node=\count268
\g__xeCJK_node_int=\count269
\c__xeCJK_CJK_node_dim=\dimen144
\c__xeCJK_CJK-space_node_dim=\dimen145
\c__xeCJK_default_node_dim=\dimen146
\c__xeCJK_CJK-widow_node_dim=\dimen147
\c__xeCJK_normalspace_node_dim=\dimen148
\c__xeCJK_default-space_node_skip=\skip53
\l__xeCJK_ccglue_skip=\skip54
\l__xeCJK_ecglue_skip=\skip55
\l__xeCJK_punct_kern_skip=\skip56
\l__xeCJK_indent_box=\box54
\l__xeCJK_last_penalty_int=\count270
\l__xeCJK_last_bound_dim=\dimen149
\l__xeCJK_last_kern_dim=\dimen150
\l__xeCJK_widow_penalty_int=\count271

Package xtemplate Info: Declaring object type 'xeCJK/punctuation' taking 0
(xtemplate)             argument(s) on line 2396.

\l__xeCJK_fixed_punct_width_dim=\dimen151
\l__xeCJK_mixed_punct_width_dim=\dimen152
\l__xeCJK_middle_punct_width_dim=\dimen153
\l__xeCJK_fixed_margin_width_dim=\dimen154
\l__xeCJK_mixed_margin_width_dim=\dimen155
\l__xeCJK_middle_margin_width_dim=\dimen156
\l__xeCJK_bound_punct_width_dim=\dimen157
\l__xeCJK_bound_margin_width_dim=\dimen158
\l__xeCJK_margin_minimum_dim=\dimen159
\l__xeCJK_kerning_total_width_dim=\dimen160
\l__xeCJK_same_align_margin_dim=\dimen161
\l__xeCJK_different_align_margin_dim=\dimen162
\l__xeCJK_kerning_margin_width_dim=\dimen163
\l__xeCJK_kerning_margin_minimum_dim=\dimen164
\l__xeCJK_bound_dim=\dimen165
\l__xeCJK_reverse_bound_dim=\dimen166
\l__xeCJK_margin_dim=\dimen167
\l__xeCJK_minimum_bound_dim=\dimen168
\l__xeCJK_kerning_margin_dim=\dimen169
\g__xeCJK_family_int=\count272
\l__xeCJK_fam_int=\count273
\g__xeCJK_fam_allocation_int=\count274
\l__xeCJK_verb_case_int=\count275
\l__xeCJK_verb_exspace_skip=\skip57
 (d:/texlive/2023/texmf-dist/tex/latex/fontspec/fontspec.sty (d:/texlive/2023/texmf-dist/tex/latex/l3packages/xparse/xparse.sty
Package: xparse 2023-02-02 L3 Experimental document command parser
)
Package: fontspec 2022/01/15 v2.8a Font selection for XeLaTeX and LuaLaTeX
 (d:/texlive/2023/texmf-dist/tex/latex/fontspec/fontspec-xetex.sty
Package: fontspec-xetex 2022/01/15 v2.8a Font selection for XeLaTeX and LuaLaTeX
\l__fontspec_script_int=\count276
\l__fontspec_language_int=\count277
\l__fontspec_strnum_int=\count278
\l__fontspec_tmp_int=\count279
\l__fontspec_tmpa_int=\count280
\l__fontspec_tmpb_int=\count281
\l__fontspec_tmpc_int=\count282
\l__fontspec_em_int=\count283
\l__fontspec_emdef_int=\count284
\l__fontspec_strong_int=\count285
\l__fontspec_strongdef_int=\count286
\l__fontspec_tmpa_dim=\dimen170
\l__fontspec_tmpb_dim=\dimen171
\l__fontspec_tmpc_dim=\dimen172
 (d:/texlive/2023/texmf-dist/tex/latex/base/fontenc.sty
Package: fontenc 2021/04/29 v2.0v Standard LaTeX package
) (d:/texlive/2023/texmf-dist/tex/latex/fontspec/fontspec.cfg))) (d:/texlive/2023/texmf-dist/tex/xelatex/xecjk/xeCJK.cfg
File: xeCJK.cfg 2022/08/05 v3.9.1 Configuration file for xeCJK package
))
\ccwd=\dimen173
\l__ctex_ccglue_skip=\skip58
)
\l__ctex_ziju_dim=\dimen174
 (d:/texlive/2023/texmf-dist/tex/latex/zhnumber/zhnumber.sty
Package: zhnumber 2022/07/14 v3.0 Typesetting numbers with Chinese glyphs
\l__zhnum_scale_int=\count287
\l__zhnum_tmp_int=\count288
 (d:/texlive/2023/texmf-dist/tex/latex/zhnumber/zhnumber-utf8.cfg
File: zhnumber-utf8.cfg 2022/07/14 v3.0 Chinese numerals with UTF8 encoding
)) (d:/texlive/2023/texmf-dist/tex/latex/ctex/scheme/ctex-scheme-chinese.def
File: ctex-scheme-chinese.def 2022/07/14 v2.5.10 Chinese scheme for generic (CTEX)
 (d:/texlive/2023/texmf-dist/tex/latex/ctex/config/ctex-name-utf8.cfg
File: ctex-name-utf8.cfg 2022/07/14 v2.5.10 Caption with encoding UTF-8 (CTEX)
)) (d:/texlive/2023/texmf-dist/tex/latex/tools/indentfirst.sty
Package: indentfirst 1995/11/23 v1.03 Indent first paragraph (DPC)
) (d:/texlive/2023/texmf-dist/tex/latex/ctex/fontset/ctex-fontset-windows.def
File: ctex-fontset-windows.def 2022/07/14 v2.5.10 Windows fonts definition (CTEX)

Package fontspec Info: Could not resolve font "KaiTi/B" (it probably doesn't
(fontspec)             exist).


Package fontspec Info: Could not resolve font "SimHei/I" (it probably doesn't
(fontspec)             exist).


Package fontspec Info: Could not resolve font "SimSun/BI" (it probably doesn't
(fontspec)             exist).


Package fontspec Info: Font family 'SimSun(0)' created for font 'SimSun' with
(fontspec)             options
(fontspec)             [Script={CJK},BoldFont={SimHei},ItalicFont={KaiTi}].
(fontspec)              
(fontspec)              This font family consists of the following NFSS
(fontspec)             series/shapes:
(fontspec)              
(fontspec)             - 'normal' (m/n) with NFSS spec.:
(fontspec)             <->"SimSun/OT:script=hani;language=dflt;"
(fontspec)             - 'small caps'  (m/sc) with NFSS spec.: 
(fontspec)             - 'bold' (b/n) with NFSS spec.:
(fontspec)             <->"SimHei/OT:script=hani;language=dflt;"
(fontspec)             - 'bold small caps'  (b/sc) with NFSS spec.: 
(fontspec)             - 'italic' (m/it) with NFSS spec.:
(fontspec)             <->"KaiTi/OT:script=hani;language=dflt;"
(fontspec)             - 'italic small caps'  (m/scit) with NFSS spec.: 

)) (d:/texlive/2023/texmf-dist/tex/latex/ctex/config/ctex.cfg
File: ctex.cfg 2022/07/14 v2.5.10 Configuration file (CTEX)
) (d:/texlive/2023/texmf-dist/tex/latex/amsmath/amsmath.sty
Package: amsmath 2022/04/08 v2.17n AMS math features
\@mathmargin=\skip59

For additional information on amsmath, use the `?' option.
(d:/texlive/2023/texmf-dist/tex/latex/amsmath/amstext.sty
Package: amstext 2021/08/26 v2.01 AMS text
 (d:/texlive/2023/texmf-dist/tex/latex/amsmath/amsgen.sty
File: amsgen.sty 1999/11/30 v2.0 generic functions
\@emptytoks=\toks16
\ex@=\dimen175
)) (d:/texlive/2023/texmf-dist/tex/latex/amsmath/amsbsy.sty
Package: amsbsy 1999/11/29 v1.2d Bold Symbols
\pmbraise@=\dimen176
) (d:/texlive/2023/texmf-dist/tex/latex/amsmath/amsopn.sty
Package: amsopn 2022/04/08 v2.04 operator names
)
\inf@bad=\count289
LaTeX Info: Redefining \frac on input line 234.
\uproot@=\count290
\leftroot@=\count291
LaTeX Info: Redefining \overline on input line 399.
LaTeX Info: Redefining \colon on input line 410.
\classnum@=\count292
\DOTSCASE@=\count293
LaTeX Info: Redefining \ldots on input line 496.
LaTeX Info: Redefining \dots on input line 499.
LaTeX Info: Redefining \cdots on input line 620.
\Mathstrutbox@=\box55
\strutbox@=\box56
LaTeX Info: Redefining \big on input line 722.
LaTeX Info: Redefining \Big on input line 723.
LaTeX Info: Redefining \bigg on input line 724.
LaTeX Info: Redefining \Bigg on input line 725.
\big@size=\dimen177
LaTeX Font Info:    Redeclaring font encoding OML on input line 743.
LaTeX Font Info:    Redeclaring font encoding OMS on input line 744.
\macc@depth=\count294
LaTeX Info: Redefining \bmod on input line 905.
LaTeX Info: Redefining \pmod on input line 910.
LaTeX Info: Redefining \smash on input line 940.
LaTeX Info: Redefining \relbar on input line 970.
LaTeX Info: Redefining \Relbar on input line 971.
\c@MaxMatrixCols=\count295
\dotsspace@=\muskip17
\c@parentequation=\count296
\dspbrk@lvl=\count297
\tag@help=\toks17
\row@=\count298
\column@=\count299
\maxfields@=\count300
\andhelp@=\toks18
\eqnshift@=\dimen178
\alignsep@=\dimen179
\tagshift@=\dimen180
\tagwidth@=\dimen181
\totwidth@=\dimen182
\lineht@=\dimen183
\@envbody=\toks19
\multlinegap=\skip60
\multlinetaggap=\skip61
\mathdisplay@stack=\toks20
LaTeX Info: Redefining \[ on input line 2953.
LaTeX Info: Redefining \] on input line 2954.
) (d:/texlive/2023/texmf-dist/tex/latex/amsfonts/amssymb.sty
Package: amssymb 2013/01/14 v3.01 AMS font symbols
 (d:/texlive/2023/texmf-dist/tex/latex/amsfonts/amsfonts.sty
Package: amsfonts 2013/01/14 v3.01 Basic AMSFonts support
\symAMSa=\mathgroup4
\symAMSb=\mathgroup5
LaTeX Font Info:    Redeclaring math symbol \hbar on input line 98.
LaTeX Font Info:    Overwriting math alphabet `\mathfrak' in version `bold'
(Font)                  U/euf/m/n --> U/euf/b/n on input line 106.
)) (d:/texlive/2023/texmf-dist/tex/latex/amscls/amsthm.sty
Package: amsthm 2020/05/29 v2.20.6
\thm@style=\toks21
\thm@bodyfont=\toks22
\thm@headfont=\toks23
\thm@notefont=\toks24
\thm@headpunct=\toks25
\thm@preskip=\skip62
\thm@postskip=\skip63
\thm@headsep=\skip64
\dth@everypar=\toks26
) (d:/texlive/2023/texmf-dist/tex/latex/textgreek/textgreek.sty
Package: textgreek 2011/10/09 v0.7 Greek symbols in text
Package textgreek Info: Loading the definitions for the Greek fontencoding. on input line 39.
 (d:/texlive/2023/texmf-dist/tex/latex/greek-fontenc/lgrenc.def
File: lgrenc.def 2023/02/28 2.2 LGR Greek font encoding definitions
 (d:/texlive/2023/texmf-dist/tex/latex/greek-fontenc/greek-fontenc.def
File: greek-fontenc.def 2023/03/08 2.2.1 Common Greek font encoding definitions
))
Package textgreek Info: Loaded fontmap: {eur/*/*}{U/eur/*/*} {phv/*/*}{U/psy/*/*}. on input line 69.
) (d:/texlive/2023/texmf-dist/tex/latex/graphics/graphicx.sty
Package: graphicx 2021/09/16 v1.2d Enhanced LaTeX Graphics (DPC,SPQR)
 (d:/texlive/2023/texmf-dist/tex/latex/graphics/keyval.sty
Package: keyval 2022/05/29 v1.15 key=value parser (DPC)
\KV@toks@=\toks27
) (d:/texlive/2023/texmf-dist/tex/latex/graphics/graphics.sty
Package: graphics 2022/03/10 v1.4e Standard LaTeX Graphics (DPC,SPQR)
 (d:/texlive/2023/texmf-dist/tex/latex/graphics/trig.sty
Package: trig 2021/08/11 v1.11 sin cos tan (DPC)
) (d:/texlive/2023/texmf-dist/tex/latex/graphics-cfg/graphics.cfg
File: graphics.cfg 2016/06/04 v1.11 sample graphics configuration
)
Package graphics Info: Driver file: xetex.def on input line 107.
 (d:/texlive/2023/texmf-dist/tex/latex/graphics-def/xetex.def
File: xetex.def 2022/09/22 v5.0n Graphics/color driver for xetex
))
\Gin@req@height=\dimen184
\Gin@req@width=\dimen185
) (d:/texlive/2023/texmf-dist/tex/latex/caption/caption.sty
Package: caption 2023/03/12 v3.6j Customizing captions (AR)
 (d:/texlive/2023/texmf-dist/tex/latex/caption/caption3.sty
Package: caption3 2023/03/12 v2.4 caption3 kernel (AR)
\caption@tempdima=\dimen186
\captionmargin=\dimen187
\caption@leftmargin=\dimen188
\caption@rightmargin=\dimen189
\caption@width=\dimen190
\caption@indent=\dimen191
\caption@parindent=\dimen192
\caption@hangindent=\dimen193
Package caption Info: Standard document class detected.
)
\c@caption@flags=\count301
\c@continuedfloat=\count302
) (d:/texlive/2023/texmf-dist/tex/latex/tools/longtable.sty
Package: longtable 2021-09-01 v4.17 Multi-page Table package (DPC)
\LTleft=\skip65
\LTright=\skip66
\LTpre=\skip67
\LTpost=\skip68
\LTchunksize=\count303
\LTcapwidth=\dimen194
\LT@head=\box57
\LT@firsthead=\box58
\LT@foot=\box59
\LT@lastfoot=\box60
\LT@gbox=\box61
\LT@cols=\count304
\LT@rows=\count305
\c@LT@tables=\count306
\c@LT@chunks=\count307
\LT@p@ftn=\toks28
) (d:/texlive/2023/texmf-dist/tex/latex/tools/array.sty
Package: array 2022/09/04 v2.5g Tabular extension package (FMi)
\col@sep=\dimen195
\ar@mcellbox=\box62
\extrarowheight=\dimen196
\NC@list=\toks29
\extratabsurround=\skip69
\backup@length=\skip70
\ar@cellbox=\box63
) (d:/texlive/2023/texmf-dist/tex/latex/tools/calc.sty
Package: calc 2017/05/25 v4.3 Infix arithmetic (KKT,FJ)
\calc@Acount=\count308
\calc@Bcount=\count309
\calc@Adimen=\dimen197
\calc@Bdimen=\dimen198
\calc@Askip=\skip71
\calc@Bskip=\skip72
LaTeX Info: Redefining \setlength on input line 80.
LaTeX Info: Redefining \addtolength on input line 81.
\calc@Ccount=\count310
\calc@Cskip=\skip73
) (d:/texlive/2023/texmf-dist/tex/latex/booktabs/booktabs.sty
Package: booktabs 2020/01/12 v1.61803398 Publication quality tables
\heavyrulewidth=\dimen199
\lightrulewidth=\dimen256
\cmidrulewidth=\dimen257
\belowrulesep=\dimen258
\belowbottomsep=\dimen259
\aboverulesep=\dimen260
\abovetopsep=\dimen261
\cmidrulesep=\dimen262
\cmidrulekern=\dimen263
\defaultaddspace=\dimen264
\@cmidla=\count311
\@cmidlb=\count312
\@aboverulesep=\dimen265
\@belowrulesep=\dimen266
\@thisruleclass=\count313
\@lastruleclass=\count314
\@thisrulewidth=\dimen267
) (d:/texlive/2023/texmf-dist/tex/latex/hyperref/hyperref.sty
Package: hyperref 2023-02-07 v7.00v Hypertext links for LaTeX
 (d:/texlive/2023/texmf-dist/tex/generic/ltxcmds/ltxcmds.sty
Package: ltxcmds 2020-05-10 v1.25 LaTeX kernel commands for general use (HO)
) (d:/texlive/2023/texmf-dist/tex/generic/iftex/iftex.sty
Package: iftex 2022/02/03 v1.0f TeX engine tests
) (d:/texlive/2023/texmf-dist/tex/generic/pdftexcmds/pdftexcmds.sty
Package: pdftexcmds 2020-06-27 v0.33 Utility functions of pdfTeX for LuaTeX (HO)
 (d:/texlive/2023/texmf-dist/tex/generic/infwarerr/infwarerr.sty
Package: infwarerr 2019/12/03 v1.5 Providing info/warning/error messages (HO)
)
Package pdftexcmds Info: \pdf@primitive is available.
Package pdftexcmds Info: \pdf@ifprimitive is available.
Package pdftexcmds Info: \pdfdraftmode not found.
) (d:/texlive/2023/texmf-dist/tex/latex/kvsetkeys/kvsetkeys.sty
Package: kvsetkeys 2022-10-05 v1.19 Key value parser (HO)
) (d:/texlive/2023/texmf-dist/tex/generic/kvdefinekeys/kvdefinekeys.sty
Package: kvdefinekeys 2019-12-19 v1.6 Define keys (HO)
) (d:/texlive/2023/texmf-dist/tex/generic/pdfescape/pdfescape.sty
Package: pdfescape 2019/12/09 v1.15 Implements pdfTeX's escape features (HO)
) (d:/texlive/2023/texmf-dist/tex/latex/hycolor/hycolor.sty
Package: hycolor 2020-01-27 v1.10 Color options for hyperref/bookmark (HO)
) (d:/texlive/2023/texmf-dist/tex/latex/letltxmacro/letltxmacro.sty
Package: letltxmacro 2019/12/03 v1.6 Let assignment for LaTeX macros (HO)
) (d:/texlive/2023/texmf-dist/tex/latex/auxhook/auxhook.sty
Package: auxhook 2019-12-17 v1.6 Hooks for auxiliary files (HO)
) (d:/texlive/2023/texmf-dist/tex/latex/hyperref/nameref.sty
Package: nameref 2022-05-17 v2.50 Cross-referencing by name of section
 (d:/texlive/2023/texmf-dist/tex/latex/refcount/refcount.sty
Package: refcount 2019/12/15 v3.6 Data extraction from label references (HO)
) (d:/texlive/2023/texmf-dist/tex/generic/gettitlestring/gettitlestring.sty
Package: gettitlestring 2019/12/15 v1.6 Cleanup title references (HO)
 (d:/texlive/2023/texmf-dist/tex/latex/kvoptions/kvoptions.sty
Package: kvoptions 2022-06-15 v3.15 Key value format for package options (HO)
))
\c@section@level=\count315
)
\@linkdim=\dimen268
\Hy@linkcounter=\count316
\Hy@pagecounter=\count317
 (d:/texlive/2023/texmf-dist/tex/latex/hyperref/pd1enc.def
File: pd1enc.def 2023-02-07 v7.00v Hyperref: PDFDocEncoding definition (HO)
) (d:/texlive/2023/texmf-dist/tex/generic/intcalc/intcalc.sty
Package: intcalc 2019/12/15 v1.3 Expandable calculations with integers (HO)
) (d:/texlive/2023/texmf-dist/tex/generic/etexcmds/etexcmds.sty
Package: etexcmds 2019/12/15 v1.7 Avoid name clashes with e-TeX commands (HO)
)
\Hy@SavedSpaceFactor=\count318
 (d:/texlive/2023/texmf-dist/tex/latex/hyperref/puenc.def
File: puenc.def 2023-02-07 v7.00v Hyperref: PDF Unicode definition (HO)
 (d:/texlive/2023/texmf-dist/tex/latex/hyperref/puenc-greekbasic.def
File: puenc-greekbasic.def 2023-02-07 v7.00v Hyperref: PDF Unicode definition (greek block) (HO)
))
Package hyperref Info: Option `unicode' set `true' on input line 4060.
Package hyperref Info: Hyper figures OFF on input line 4177.
Package hyperref Info: Link nesting OFF on input line 4182.
Package hyperref Info: Hyper index ON on input line 4185.
Package hyperref Info: Plain pages OFF on input line 4192.
Package hyperref Info: Backreferencing OFF on input line 4197.
Package hyperref Info: Implicit mode ON; LaTeX internals redefined.
Package hyperref Info: Bookmarks ON on input line 4425.
\c@Hy@tempcnt=\count319
 (d:/texlive/2023/texmf-dist/tex/latex/url/url.sty
\Urlmuskip=\muskip18
Package: url 2013/09/16  ver 3.4  Verb mode for urls, etc.
)
LaTeX Info: Redefining \url on input line 4763.
\XeTeXLinkMargin=\dimen269
 (d:/texlive/2023/texmf-dist/tex/generic/bitset/bitset.sty
Package: bitset 2019/12/09 v1.3 Handle bit-vector datatype (HO)
 (d:/texlive/2023/texmf-dist/tex/generic/bigintcalc/bigintcalc.sty
Package: bigintcalc 2019/12/15 v1.5 Expandable calculations on big integers (HO)
))
\Fld@menulength=\count320
\Field@Width=\dimen270
\Fld@charsize=\dimen271
Package hyperref Info: Hyper figures OFF on input line 6042.
Package hyperref Info: Link nesting OFF on input line 6047.
Package hyperref Info: Hyper index ON on input line 6050.
Package hyperref Info: backreferencing OFF on input line 6057.
Package hyperref Info: Link coloring OFF on input line 6062.
Package hyperref Info: Link coloring with OCG OFF on input line 6067.
Package hyperref Info: PDF/A mode OFF on input line 6072.
 (d:/texlive/2023/texmf-dist/tex/latex/base/atbegshi-ltx.sty
Package: atbegshi-ltx 2021/01/10 v1.0c Emulation of the original atbegshi
package with kernel methods
)
\Hy@abspage=\count321
\c@Item=\count322
\c@Hfootnote=\count323
)
Package hyperref Info: Driver (autodetected): hxetex.
 (d:/texlive/2023/texmf-dist/tex/latex/hyperref/hxetex.def
File: hxetex.def 2023-02-07 v7.00v Hyperref driver for XeTeX
 (d:/texlive/2023/texmf-dist/tex/generic/stringenc/stringenc.sty
Package: stringenc 2019/11/29 v1.12 Convert strings between diff. encodings (HO)
)
\pdfm@box=\box64
\c@Hy@AnnotLevel=\count324
\HyField@AnnotCount=\count325
\Fld@listcount=\count326
\c@bookmark@seq@number=\count327
 (d:/texlive/2023/texmf-dist/tex/latex/rerunfilecheck/rerunfilecheck.sty
Package: rerunfilecheck 2022-07-10 v1.10 Rerun checks for auxiliary files (HO)
 (d:/texlive/2023/texmf-dist/tex/latex/base/atveryend-ltx.sty
Package: atveryend-ltx 2020/08/19 v1.0a Emulation of the original atveryend package
with kernel methods
) (d:/texlive/2023/texmf-dist/tex/generic/uniquecounter/uniquecounter.sty
Package: uniquecounter 2019/12/15 v1.4 Provide unlimited unique counter (HO)
)
Package uniquecounter Info: New unique counter `rerunfilecheck' on input line 285.
)
\Hy@SectionHShift=\skip74
) (d:/texlive/2023/texmf-dist/tex/latex/newunicodechar/newunicodechar.sty
Package: newunicodechar 2018/04/08 v1.2 Defining Unicode characters
) (d:/texlive/2023/texmf-dist/tex/latex/geometry/geometry.sty
Package: geometry 2020/01/02 v5.9 Page Geometry
 (d:/texlive/2023/texmf-dist/tex/generic/iftex/ifvtex.sty
Package: ifvtex 2019/10/25 v1.7 ifvtex legacy package. Use iftex instead.
)
\Gm@cnth=\count328
\Gm@cntv=\count329
\c@Gm@tempcnt=\count330
\Gm@bindingoffset=\dimen272
\Gm@wd@mp=\dimen273
\Gm@odd@mp=\dimen274
\Gm@even@mp=\dimen275
\Gm@layoutwidth=\dimen276
\Gm@layoutheight=\dimen277
\Gm@layouthoffset=\dimen278
\Gm@layoutvoffset=\dimen279
\Gm@dimlist=\toks30
) (d:/texlive/2023/texmf-dist/tex/latex/pgf/frontendlayer/tikz.sty (d:/texlive/2023/texmf-dist/tex/latex/pgf/basiclayer/pgf.sty (d:/texlive/2023/texmf-dist/tex/latex/pgf/utilities/pgfrcs.sty (d:/texlive/2023/texmf-dist/tex/generic/pgf/utilities/pgfutil-common.tex
\pgfutil@everybye=\toks31
\pgfutil@tempdima=\dimen280
\pgfutil@tempdimb=\dimen281
) (d:/texlive/2023/texmf-dist/tex/generic/pgf/utilities/pgfutil-latex.def
\pgfutil@abb=\box65
) (d:/texlive/2023/texmf-dist/tex/generic/pgf/utilities/pgfrcs.code.tex (d:/texlive/2023/texmf-dist/tex/generic/pgf/pgf.revision.tex)
Package: pgfrcs 2023-01-15 v3.1.10 (3.1.10)
))
Package: pgf 2023-01-15 v3.1.10 (3.1.10)
 (d:/texlive/2023/texmf-dist/tex/latex/pgf/basiclayer/pgfcore.sty (d:/texlive/2023/texmf-dist/tex/latex/pgf/systemlayer/pgfsys.sty (d:/texlive/2023/texmf-dist/tex/generic/pgf/systemlayer/pgfsys.code.tex
Package: pgfsys 2023-01-15 v3.1.10 (3.1.10)
 (d:/texlive/2023/texmf-dist/tex/generic/pgf/utilities/pgfkeys.code.tex
\pgfkeys@pathtoks=\toks32
\pgfkeys@temptoks=\toks33
 (d:/texlive/2023/texmf-dist/tex/generic/pgf/utilities/pgfkeyslibraryfiltered.code.tex
\pgfkeys@tmptoks=\toks34
))
\pgf@x=\dimen282
\pgf@y=\dimen283
\pgf@xa=\dimen284
\pgf@ya=\dimen285
\pgf@xb=\dimen286
\pgf@yb=\dimen287
\pgf@xc=\dimen288
\pgf@yc=\dimen289
\pgf@xd=\dimen290
\pgf@yd=\dimen291
\w@pgf@writea=\write3
\r@pgf@reada=\read2
\c@pgf@counta=\count331
\c@pgf@countb=\count332
\c@pgf@countc=\count333
\c@pgf@countd=\count334
\t@pgf@toka=\toks35
\t@pgf@tokb=\toks36
\t@pgf@tokc=\toks37
\pgf@sys@id@count=\count335
 (d:/texlive/2023/texmf-dist/tex/generic/pgf/systemlayer/pgf.cfg
File: pgf.cfg 2023-01-15 v3.1.10 (3.1.10)
)
Driver file for pgf: pgfsys-xetex.def
 (d:/texlive/2023/texmf-dist/tex/generic/pgf/systemlayer/pgfsys-xetex.def
File: pgfsys-xetex.def 2023-01-15 v3.1.10 (3.1.10)
 (d:/texlive/2023/texmf-dist/tex/generic/pgf/systemlayer/pgfsys-dvipdfmx.def
File: pgfsys-dvipdfmx.def 2023-01-15 v3.1.10 (3.1.10)
 (d:/texlive/2023/texmf-dist/tex/generic/pgf/systemlayer/pgfsys-common-pdf.def
File: pgfsys-common-pdf.def 2023-01-15 v3.1.10 (3.1.10)
)
\pgfsys@objnum=\count336
))) (d:/texlive/2023/texmf-dist/tex/generic/pgf/systemlayer/pgfsyssoftpath.code.tex
File: pgfsyssoftpath.code.tex 2023-01-15 v3.1.10 (3.1.10)
\pgfsyssoftpath@smallbuffer@items=\count337
\pgfsyssoftpath@bigbuffer@items=\count338
) (d:/texlive/2023/texmf-dist/tex/generic/pgf/systemlayer/pgfsysprotocol.code.tex
File: pgfsysprotocol.code.tex 2023-01-15 v3.1.10 (3.1.10)
)) (d:/texlive/2023/texmf-dist/tex/latex/xcolor/xcolor.sty
Package: xcolor 2022/06/12 v2.14 LaTeX color extensions (UK)
 (d:/texlive/2023/texmf-dist/tex/latex/graphics-cfg/color.cfg
File: color.cfg 2016/01/02 v1.6 sample color configuration
)
Package xcolor Info: Driver file: xetex.def on input line 227.
 (d:/texlive/2023/texmf-dist/tex/latex/graphics/mathcolor.ltx)
Package xcolor Info: Model `cmy' substituted by `cmy0' on input line 1353.
Package xcolor Info: Model `RGB' extended on input line 1369.
Package xcolor Info: Model `HTML' substituted by `rgb' on input line 1371.
Package xcolor Info: Model `Hsb' substituted by `hsb' on input line 1372.
Package xcolor Info: Model `tHsb' substituted by `hsb' on input line 1373.
Package xcolor Info: Model `HSB' substituted by `hsb' on input line 1374.
Package xcolor Info: Model `Gray' substituted by `gray' on input line 1375.
Package xcolor Info: Model `wave' substituted by `hsb' on input line 1376.
) (d:/texlive/2023/texmf-dist/tex/generic/pgf/basiclayer/pgfcore.code.tex
Package: pgfcore 2023-01-15 v3.1.10 (3.1.10)
 (d:/texlive/2023/texmf-dist/tex/generic/pgf/math/pgfmath.code.tex (d:/texlive/2023/texmf-dist/tex/generic/pgf/math/pgfmathutil.code.tex) (d:/texlive/2023/texmf-dist/tex/generic/pgf/math/pgfmathparser.code.tex
\pgfmath@dimen=\dimen292
\pgfmath@count=\count339
\pgfmath@box=\box66
\pgfmath@toks=\toks38
\pgfmath@stack@operand=\toks39
\pgfmath@stack@operation=\toks40
) (d:/texlive/2023/texmf-dist/tex/generic/pgf/math/pgfmathfunctions.code.tex) (d:/texlive/2023/texmf-dist/tex/generic/pgf/math/pgfmathfunctions.basic.code.tex) (d:/texlive/2023/texmf-dist/tex/generic/pgf/math/pgfmathfunctions.trigonometric.code.tex) (d:/texlive/2023/texmf-dist/tex/generic/pgf/math/pgfmathfunctions.random.code.tex) (d:/texlive/2023/texmf-dist/tex/generic/pgf/math/pgfmathfunctions.comparison.code.tex) (d:/texlive/2023/texmf-dist/tex/generic/pgf/math/pgfmathfunctions.base.code.tex) (d:/texlive/2023/texmf-dist/tex/generic/pgf/math/pgfmathfunctions.round.code.tex) (d:/texlive/2023/texmf-dist/tex/generic/pgf/math/pgfmathfunctions.misc.code.tex) (d:/texlive/2023/texmf-dist/tex/generic/pgf/math/pgfmathfunctions.integerarithmetics.code.tex) (d:/texlive/2023/texmf-dist/tex/generic/pgf/math/pgfmathcalc.code.tex) (d:/texlive/2023/texmf-dist/tex/generic/pgf/math/pgfmathfloat.code.tex
\c@pgfmathroundto@lastzeros=\count340
)) (d:/texlive/2023/texmf-dist/tex/generic/pgf/math/pgfint.code.tex) (d:/texlive/2023/texmf-dist/tex/generic/pgf/basiclayer/pgfcorepoints.code.tex
File: pgfcorepoints.code.tex 2023-01-15 v3.1.10 (3.1.10)
\pgf@picminx=\dimen293
\pgf@picmaxx=\dimen294
\pgf@picminy=\dimen295
\pgf@picmaxy=\dimen296
\pgf@pathminx=\dimen297
\pgf@pathmaxx=\dimen298
\pgf@pathminy=\dimen299
\pgf@pathmaxy=\dimen300
\pgf@xx=\dimen301
\pgf@xy=\dimen302
\pgf@yx=\dimen303
\pgf@yy=\dimen304
\pgf@zx=\dimen305
\pgf@zy=\dimen306
) (d:/texlive/2023/texmf-dist/tex/generic/pgf/basiclayer/pgfcorepathconstruct.code.tex
File: pgfcorepathconstruct.code.tex 2023-01-15 v3.1.10 (3.1.10)
\pgf@path@lastx=\dimen307
\pgf@path@lasty=\dimen308
) (d:/texlive/2023/texmf-dist/tex/generic/pgf/basiclayer/pgfcorepathusage.code.tex
File: pgfcorepathusage.code.tex 2023-01-15 v3.1.10 (3.1.10)
\pgf@shorten@end@additional=\dimen309
\pgf@shorten@start@additional=\dimen310
) (d:/texlive/2023/texmf-dist/tex/generic/pgf/basiclayer/pgfcorescopes.code.tex
File: pgfcorescopes.code.tex 2023-01-15 v3.1.10 (3.1.10)
\pgfpic=\box67
\pgf@hbox=\box68
\pgf@layerbox@main=\box69
\pgf@picture@serial@count=\count341
) (d:/texlive/2023/texmf-dist/tex/generic/pgf/basiclayer/pgfcoregraphicstate.code.tex
File: pgfcoregraphicstate.code.tex 2023-01-15 v3.1.10 (3.1.10)
\pgflinewidth=\dimen311
) (d:/texlive/2023/texmf-dist/tex/generic/pgf/basiclayer/pgfcoretransformations.code.tex
File: pgfcoretransformations.code.tex 2023-01-15 v3.1.10 (3.1.10)
\pgf@pt@x=\dimen312
\pgf@pt@y=\dimen313
\pgf@pt@temp=\dimen314
) (d:/texlive/2023/texmf-dist/tex/generic/pgf/basiclayer/pgfcorequick.code.tex
File: pgfcorequick.code.tex 2023-01-15 v3.1.10 (3.1.10)
) (d:/texlive/2023/texmf-dist/tex/generic/pgf/basiclayer/pgfcoreobjects.code.tex
File: pgfcoreobjects.code.tex 2023-01-15 v3.1.10 (3.1.10)
) (d:/texlive/2023/texmf-dist/tex/generic/pgf/basiclayer/pgfcorepathprocessing.code.tex
File: pgfcorepathprocessing.code.tex 2023-01-15 v3.1.10 (3.1.10)
) (d:/texlive/2023/texmf-dist/tex/generic/pgf/basiclayer/pgfcorearrows.code.tex
File: pgfcorearrows.code.tex 2023-01-15 v3.1.10 (3.1.10)
\pgfarrowsep=\dimen315
) (d:/texlive/2023/texmf-dist/tex/generic/pgf/basiclayer/pgfcoreshade.code.tex
File: pgfcoreshade.code.tex 2023-01-15 v3.1.10 (3.1.10)
\pgf@max=\dimen316
\pgf@sys@shading@range@num=\count342
\pgf@shadingcount=\count343
) (d:/texlive/2023/texmf-dist/tex/generic/pgf/basiclayer/pgfcoreimage.code.tex
File: pgfcoreimage.code.tex 2023-01-15 v3.1.10 (3.1.10)
) (d:/texlive/2023/texmf-dist/tex/generic/pgf/basiclayer/pgfcoreexternal.code.tex
File: pgfcoreexternal.code.tex 2023-01-15 v3.1.10 (3.1.10)
\pgfexternal@startupbox=\box70
) (d:/texlive/2023/texmf-dist/tex/generic/pgf/basiclayer/pgfcorelayers.code.tex
File: pgfcorelayers.code.tex 2023-01-15 v3.1.10 (3.1.10)
) (d:/texlive/2023/texmf-dist/tex/generic/pgf/basiclayer/pgfcoretransparency.code.tex
File: pgfcoretransparency.code.tex 2023-01-15 v3.1.10 (3.1.10)
) (d:/texlive/2023/texmf-dist/tex/generic/pgf/basiclayer/pgfcorepatterns.code.tex
File: pgfcorepatterns.code.tex 2023-01-15 v3.1.10 (3.1.10)
) (d:/texlive/2023/texmf-dist/tex/generic/pgf/basiclayer/pgfcorerdf.code.tex
File: pgfcorerdf.code.tex 2023-01-15 v3.1.10 (3.1.10)
))) (d:/texlive/2023/texmf-dist/tex/generic/pgf/modules/pgfmoduleshapes.code.tex
File: pgfmoduleshapes.code.tex 2023-01-15 v3.1.10 (3.1.10)
\pgfnodeparttextbox=\box71
) (d:/texlive/2023/texmf-dist/tex/generic/pgf/modules/pgfmoduleplot.code.tex
File: pgfmoduleplot.code.tex 2023-01-15 v3.1.10 (3.1.10)
) (d:/texlive/2023/texmf-dist/tex/latex/pgf/compatibility/pgfcomp-version-0-65.sty
Package: pgfcomp-version-0-65 2023-01-15 v3.1.10 (3.1.10)
\pgf@nodesepstart=\dimen317
\pgf@nodesepend=\dimen318
) (d:/texlive/2023/texmf-dist/tex/latex/pgf/compatibility/pgfcomp-version-1-18.sty
Package: pgfcomp-version-1-18 2023-01-15 v3.1.10 (3.1.10)
)) (d:/texlive/2023/texmf-dist/tex/latex/pgf/utilities/pgffor.sty (d:/texlive/2023/texmf-dist/tex/latex/pgf/utilities/pgfkeys.sty (d:/texlive/2023/texmf-dist/tex/generic/pgf/utilities/pgfkeys.code.tex)) (d:/texlive/2023/texmf-dist/tex/latex/pgf/math/pgfmath.sty (d:/texlive/2023/texmf-dist/tex/generic/pgf/math/pgfmath.code.tex)) (d:/texlive/2023/texmf-dist/tex/generic/pgf/utilities/pgffor.code.tex
Package: pgffor 2023-01-15 v3.1.10 (3.1.10)
\pgffor@iter=\dimen319
\pgffor@skip=\dimen320
\pgffor@stack=\toks41
\pgffor@toks=\toks42
)) (d:/texlive/2023/texmf-dist/tex/generic/pgf/frontendlayer/tikz/tikz.code.tex
Package: tikz 2023-01-15 v3.1.10 (3.1.10)
 (d:/texlive/2023/texmf-dist/tex/generic/pgf/libraries/pgflibraryplothandlers.code.tex
File: pgflibraryplothandlers.code.tex 2023-01-15 v3.1.10 (3.1.10)
\pgf@plot@mark@count=\count344
\pgfplotmarksize=\dimen321
)
\tikz@lastx=\dimen322
\tikz@lasty=\dimen323
\tikz@lastxsaved=\dimen324
\tikz@lastysaved=\dimen325
\tikz@lastmovetox=\dimen326
\tikz@lastmovetoy=\dimen327
\tikzleveldistance=\dimen328
\tikzsiblingdistance=\dimen329
\tikz@figbox=\box72
\tikz@figbox@bg=\box73
\tikz@tempbox=\box74
\tikz@tempbox@bg=\box75
\tikztreelevel=\count345
\tikznumberofchildren=\count346
\tikznumberofcurrentchild=\count347
\tikz@fig@count=\count348
 (d:/texlive/2023/texmf-dist/tex/generic/pgf/modules/pgfmodulematrix.code.tex
File: pgfmodulematrix.code.tex 2023-01-15 v3.1.10 (3.1.10)
\pgfmatrixcurrentrow=\count349
\pgfmatrixcurrentcolumn=\count350
\pgf@matrix@numberofcolumns=\count351
)
\tikz@expandcount=\count352
 (d:/texlive/2023/texmf-dist/tex/generic/pgf/frontendlayer/tikz/libraries/tikzlibrarytopaths.code.tex
File: tikzlibrarytopaths.code.tex 2023-01-15 v3.1.10 (3.1.10)
)))
Package hyperref Info: Option `colorlinks' set `true' on input line 19.
\symCJKmath=\mathgroup255
LaTeX Font Info:    Overwriting symbol font `CJKmath' in version `bold'
(Font)                  TU/SimSun(0)/m/n --> TU/SimSun(0)/b/n on input line 68.
 (./main.aux (./chap1.aux) (./chap2.aux) (./chap3.aux) (./chap4.aux) (./chap5.aux) (./chap6.aux) (./chap7.aux) (./chap8.aux) (./chap9.aux) (./chap10.aux) (./chap11.aux) (./chap12.aux) (./chap13.aux) (./chap14.aux) (./chap15.aux) (./chap16.aux) (./chap17.aux))
\openout1 = `main.aux'.

LaTeX Font Info:    Checking defaults for OML/cmm/m/it on input line 68.
LaTeX Font Info:    ... okay on input line 68.
LaTeX Font Info:    Checking defaults for OMS/cmsy/m/n on input line 68.
LaTeX Font Info:    ... okay on input line 68.
LaTeX Font Info:    Checking defaults for OT1/cmr/m/n on input line 68.
LaTeX Font Info:    ... okay on input line 68.
LaTeX Font Info:    Checking defaults for T1/cmr/m/n on input line 68.
LaTeX Font Info:    ... okay on input line 68.
LaTeX Font Info:    Checking defaults for TS1/cmr/m/n on input line 68.
LaTeX Font Info:    ... okay on input line 68.
LaTeX Font Info:    Checking defaults for TU/lmr/m/n on input line 68.
LaTeX Font Info:    ... okay on input line 68.
LaTeX Font Info:    Checking defaults for OMX/cmex/m/n on input line 68.
LaTeX Font Info:    ... okay on input line 68.
LaTeX Font Info:    Checking defaults for U/cmr/m/n on input line 68.
LaTeX Font Info:    ... okay on input line 68.
LaTeX Font Info:    Checking defaults for LGR/cmr/m/n on input line 68.
LaTeX Font Info:    Trying to load font information for LGR+cmr on input line 68.
 (d:/texlive/2023/texmf-dist/tex/latex/cbfonts-fd/lgrcmr.fd
File: lgrcmr.fd 2017/07/29 v1.2 Greek European Computer Regular
)
LaTeX Font Info:    ... okay on input line 68.
LaTeX Font Info:    Checking defaults for PD1/pdf/m/n on input line 68.
LaTeX Font Info:    ... okay on input line 68.
LaTeX Font Info:    Checking defaults for PU/pdf/m/n on input line 68.
LaTeX Font Info:    ... okay on input line 68.

Package fontspec Info: Adjusting the maths setup (use [no-math] to avoid
(fontspec)             this).

\symlegacymaths=\mathgroup6
LaTeX Font Info:    Overwriting symbol font `legacymaths' in version `bold'
(Font)                  OT1/cmr/m/n --> OT1/cmr/bx/n on input line 68.
LaTeX Font Info:    Redeclaring math accent \acute on input line 68.
LaTeX Font Info:    Redeclaring math accent \grave on input line 68.
LaTeX Font Info:    Redeclaring math accent \ddot on input line 68.
LaTeX Font Info:    Redeclaring math accent \tilde on input line 68.
LaTeX Font Info:    Redeclaring math accent \bar on input line 68.
LaTeX Font Info:    Redeclaring math accent \breve on input line 68.
LaTeX Font Info:    Redeclaring math accent \check on input line 68.
LaTeX Font Info:    Redeclaring math accent \hat on input line 68.
LaTeX Font Info:    Redeclaring math accent \dot on input line 68.
LaTeX Font Info:    Redeclaring math accent \mathring on input line 68.
LaTeX Font Info:    Redeclaring math symbol \Gamma on input line 68.
LaTeX Font Info:    Redeclaring math symbol \Delta on input line 68.
LaTeX Font Info:    Redeclaring math symbol \Theta on input line 68.
LaTeX Font Info:    Redeclaring math symbol \Lambda on input line 68.
LaTeX Font Info:    Redeclaring math symbol \Xi on input line 68.
LaTeX Font Info:    Redeclaring math symbol \Pi on input line 68.
LaTeX Font Info:    Redeclaring math symbol \Sigma on input line 68.
LaTeX Font Info:    Redeclaring math symbol \Upsilon on input line 68.
LaTeX Font Info:    Redeclaring math symbol \Phi on input line 68.
LaTeX Font Info:    Redeclaring math symbol \Psi on input line 68.
LaTeX Font Info:    Redeclaring math symbol \Omega on input line 68.
LaTeX Font Info:    Redeclaring math symbol \mathdollar on input line 68.
LaTeX Font Info:    Redeclaring symbol font `operators' on input line 68.
LaTeX Font Info:    Encoding `OT1' has changed to `TU' for symbol font
(Font)              `operators' in the math version `normal' on input line 68.
LaTeX Font Info:    Overwriting symbol font `operators' in version `normal'
(Font)                  OT1/cmr/m/n --> TU/lmr/m/n on input line 68.
LaTeX Font Info:    Encoding `OT1' has changed to `TU' for symbol font
(Font)              `operators' in the math version `bold' on input line 68.
LaTeX Font Info:    Overwriting symbol font `operators' in version `bold'
(Font)                  OT1/cmr/bx/n --> TU/lmr/m/n on input line 68.
LaTeX Font Info:    Overwriting symbol font `operators' in version `normal'
(Font)                  TU/lmr/m/n --> TU/lmr/m/n on input line 68.
LaTeX Font Info:    Overwriting math alphabet `\mathit' in version `normal'
(Font)                  OT1/cmr/m/it --> TU/lmr/m/it on input line 68.
LaTeX Font Info:    Overwriting math alphabet `\mathbf' in version `normal'
(Font)                  OT1/cmr/bx/n --> TU/lmr/b/n on input line 68.
LaTeX Font Info:    Overwriting math alphabet `\mathsf' in version `normal'
(Font)                  OT1/cmss/m/n --> TU/lmss/m/n on input line 68.
LaTeX Font Info:    Overwriting math alphabet `\mathtt' in version `normal'
(Font)                  OT1/cmtt/m/n --> TU/lmtt/m/n on input line 68.
LaTeX Font Info:    Overwriting symbol font `operators' in version `bold'
(Font)                  TU/lmr/m/n --> TU/lmr/b/n on input line 68.
LaTeX Font Info:    Overwriting math alphabet `\mathit' in version `bold'
(Font)                  OT1/cmr/bx/it --> TU/lmr/b/it on input line 68.
LaTeX Font Info:    Overwriting math alphabet `\mathsf' in version `bold'
(Font)                  OT1/cmss/bx/n --> TU/lmss/b/n on input line 68.
LaTeX Font Info:    Overwriting math alphabet `\mathtt' in version `bold'
(Font)                  OT1/cmtt/m/n --> TU/lmtt/b/n on input line 68.
Package caption Info: Begin \AtBeginDocument code.
Package caption Info: hyperref package is loaded.
Package caption Info: longtable package is loaded.
 (d:/texlive/2023/texmf-dist/tex/latex/caption/ltcaption.sty
Package: ltcaption 2021/01/08 v1.4c longtable captions (AR)
)
Package caption Info: End \AtBeginDocument code.
Package hyperref Info: Link coloring ON on input line 68.
 (./main.out) (./main.out)
\@outlinefile=\write4
\openout4 = `main.out'.


*geometry* driver: auto-detecting
*geometry* detected driver: xetex
*geometry* verbose mode - [ preamble ] result:
* driver: xetex
* paper: a4paper
* layout: <same size as paper>
* layoutoffset:(h,v)=(0.0pt,0.0pt)
* modes: twoside 
* h-part:(L,W,R)=(72.26999pt, 452.9679pt, 72.26999pt)
* v-part:(T,H,B)=(72.26999pt, 700.50687pt, 72.26999pt)
* \paperwidth=597.50787pt
* \paperheight=845.04684pt
* \textwidth=452.9679pt
* \textheight=700.50687pt
* \oddsidemargin=0.0pt
* \evensidemargin=0.0pt
* \topmargin=-31.8738pt
* \headheight=12.0pt
* \headsep=19.8738pt
* \topskip=12.0pt
* \footskip=30.0pt
* \marginparwidth=88.0pt
* \marginparsep=7.0pt
* \columnsep=10.0pt
* \skip\footins=10.8pt plus 4.0pt minus 2.0pt
* \hoffset=0.0pt
* \voffset=0.0pt
* \mag=1000
* \@twocolumnfalse
* \@twosidetrue
* \@mparswitchtrue
* \@reversemarginfalse
* (1in=72.27pt=25.4mm, 1cm=28.453pt)

LaTeX Font Info:    Trying to load font information for U+msa on input line 73.
(d:/texlive/2023/texmf-dist/tex/latex/amsfonts/umsa.fd
File: umsa.fd 2013/01/14 v3.01 AMS symbols A
)
LaTeX Font Info:    Trying to load font information for U+msb on input line 73.
 (d:/texlive/2023/texmf-dist/tex/latex/amsfonts/umsb.fd
File: umsb.fd 2013/01/14 v3.01 AMS symbols B
) [1


] (./main.toc [2

]
LaTeX Font Info:    Font shape `TU/SimSun(0)/m/sl' in size <12> not available
(Font)              Font shape `TU/SimSun(0)/m/it' tried instead on input line 63.
 [3] [4] [5])
\tf@toc=\write5
\openout5 = `main.toc'.

 [6]
\openout2 = `chap1.aux'.

 (./chap1.tex
Chapter 1.
[1



] [2] [3] [4] [5] [6] [7] [8] [9] [10] [11] [12] [13] [14] [15] [16]) [17]
\openout2 = `chap2.aux'.

 (./chap2.tex
Chapter 2.
[18




]
Missing character: There is no ≡ (U+2261) in font [lmroman10-regular]:mapping=tex-text;!
[19] [20] [21] [22] [23] [24] [25] [26]) [27]
\openout2 = `chap3.aux'.

 (./chap3.tex
Chapter 3.

Underfull \vbox (badness 10000) has occurred while \output is active []

 [28




] [29] [30] [31] [32] [33] [34] [35]
Overfull \hbox (9.94716pt too wide) in paragraph at lines 246--249
\TU/SimSun(0)/m/n/12 量 $\OML/cmm/m/it/12 Q[]\OT1/cmr/m/n/12 (\OML/cmm/m/it/12 V; T\OT1/cmr/m/n/12 )$ \TU/SimSun(0)/m/n/12 被 称 为 系 统 的 配 分 函 数；|  有 时 它 也 被 称 为\TU/lmr/m/n/12 ” \TU/SimSun(0)/m/n/12 状 态 求 和\TU/lmr/m/n/12 ” |\TU/SimSun(0)/m/n/12 （德 语：| \TU/lmr/m/n/12 Zustandssumme\TU/SimSun(0)/m/n/12 ） 。|
 []

[36] [37] [38] [39]
Overfull \hbox (1.9051pt too wide) in paragraph at lines 364--366
\TU/SimSun(0)/m/n/12 这 些 结 果 与 先 前 推 导 出 的 结 果 完 全 一 致，|  即 分 别 对 应 于 式 \TU/lmr/m/n/12 (1.5.7)\TU/SimSun(0)/m/n/12 、|  式 \TU/lmr/m/n/12 (1.4.2) \TU/SimSun(0)/m/n/12 和 式 \TU/lmr/m/n/12 (1.5.1a)\TU/SimSun(0)/m/n/12 。|
 []

[40] [41] [42] [43] [44] [45] [46] [47] [48] [49] [50] [51] [52] [53] [54] [55] [56] [57] [58] [59]) [60]
\openout2 = `chap4.aux'.

 (./chap4.tex
Chapter 4.
[61




] [62] [63] [64] [65] [66] [67] [68] [69] [70] [71]
Underfull \vbox (badness 2744) has occurred while \output is active []

 [72] [73] [74]) [75] [76]
\openout2 = `chap5.aux'.

 (./chap5.tex
Chapter 5.
[77




] [78] [79] [80]
Overfull \hbox (17.5095pt too wide) in paragraph at lines 185--186
[]\TU/SimSun(0)/m/n/12 当 $\OT1/cmr/m/n/12 ^^@ \OML/cmm/m/it/12 > \OT1/cmr/m/n/12 1$ \TU/SimSun(0)/m/n/12 时 的 情 形 通 常 被 称 为 混 合 态 情 形。|  在 能 表 示 中，|  密 度 矩 阵 由[][]式 \TU/lmr/m/n/12 5.2.1[][][]\TU/SimSun(0)/m/n/12 和[][]式 \TU/lmr/m/n/12 5.2.2[][][]\TU/SimSun(0)/m/n/12 给
 []

[81] [82] [83] [84] [85] [86] [87] [88] [89] [90] [91] [92] [93] [94] [95]
File: images/chap5_m537b18d14f03bde19d574406a6848e1a.jpg Graphic file (type bmp)
<images/chap5_m537b18d14f03bde19d574406a6848e1a.jpg>
 [96]) [97]
\openout2 = `chap6.aux'.

 (./chap6.tex
Chapter 6.

Underfull \vbox (badness 2932) has occurred while \output is active []

 [98




] [99] [100] [101] [102] [103] [104] [105] [106] [107] [108] [109] [110] [111] [112] [113] [114] [115] [116] [117] [118]
Overfull \hbox (16.08919pt too wide) in paragraph at lines 629--630
[]\TU/SimSun(0)/m/n/12 对 于 在 以 角 速 度 $\OML/cmm/m/it/12 !$ \TU/SimSun(0)/m/n/12 旋 转 的 圆 柱 坐 标 系 中 运 动 的 质 点，|  写 出 其 拉 格 朗 日 函 数 $\OMS/cmsy/m/n/12 L\OT1/cmr/m/n/12 (\OMS/cmsy/m/n/12 f\OML/cmm/m/it/12 q[]; []\OMS/cmsy/m/n/12 g\OT1/cmr/m/n/12 )$\TU/SimSun(0)/m/n/12 ，|
 []

[119] [120] [121] [122]) [123]
\openout2 = `chap7.aux'.

 (./chap7.tex
Chapter 7.
[124




]
Overfull \hbox (30.05316pt too wide) in paragraph at lines 52--55
\TU/SimSun(0)/m/n/12 请 注 意，|  要 将[][]式 \TU/lmr/m/n/12 7.1.8[][][]\TU/SimSun(0)/m/n/12 表 示 为 $\OML/cmm/m/it/12 g[]\OT1/cmr/m/n/12 (\OML/cmm/m/it/12 z\OT1/cmr/m/n/12 )$ \TU/SimSun(0)/m/n/12 函 数 的 形 式，|  我 们 首 先 进 行 了 分 部 积 分。| [][]式 \TU/lmr/m/n/12 7.1.8[][][]\TU/SimSun(0)/m/n/12 和[][]式 \TU/lmr/m/n/12 7.1.9[][][]\TU/SimSun(0)/m/n/12 是
 []

[125] [126] [127] [128] [129] [130] [131] [132] [133]
File: images/chap7_m802e402f4dec0efe551279e739e9dda7.jpg Graphic file (type bmp)
<images/chap7_m802e402f4dec0efe551279e739e9dda7.jpg>
File: images/chap7_m5300bbc7a332be8d089e1e5225afc117.jpg Graphic file (type bmp)
<images/chap7_m5300bbc7a332be8d089e1e5225afc117.jpg>
File: images/chap7_mfe2d1ae5d5360a08547054f200053320.jpg Graphic file (type bmp)
<images/chap7_mfe2d1ae5d5360a08547054f200053320.jpg>
 [134] [135]
Overfull \hbox (33.41624pt too wide) in paragraph at lines 356--358
\TU/SimSun(0)/m/n/12 其 中 已 加 入 因 子 \TU/lmr/m/n/12 2\TU/SimSun(0)/m/n/12 ，|  以 考 虑 横 模 式 的 双 重 性；| $[]$ 此 处 的 符 号 $\OML/cmm/m/it/12 c$ \TU/SimSun(0)/m/n/12 表 示 光 速。|  根 据[][]式 \TU/lmr/m/n/12 7.2.11[][][]\TU/SimSun(0)/m/n/12 和[][]式 \TU/lmr/m/n/12 7.2.12[][][]\TU/SimSun(0)/m/n/12 ，|
 []

[136] [137] [138] [139] [140] [141] [142] [143] [144] [145] [146] [147] [148] [149] [150] [151] [152] [153]) [154]
\openout2 = `chap8.aux'.

 (./chap8.tex
Chapter 8.
[155




] [156] [157] [158] [159] [160] [161] [162] [163]
Overfull \hbox (52.95273pt too wide) in paragraph at lines 326--328
\TU/SimSun(0)/m/n/12 显 然，|  若 $\OML/cmm/m/it/12 e$ \TU/SimSun(0)/m/n/12 和 $\OML/cmm/m/it/12 m$ \TU/SimSun(0)/m/n/12 分 别 为 电 子 电 荷 和 电 子 质 量，|  则 $\OML/cmm/m/it/12 ^^V[]$ \TU/SimSun(0)/m/n/12 就 是 熟 悉 的 玻 尔 磁 子 $\OML/cmm/m/it/12 ^^V[]$\TU/SimSun(0)/m/n/12 。|  将[][]式 \TU/lmr/m/n/12 8.2.7[][][]\TU/SimSun(0)/m/n/12 与[][]式 \TU/lmr/m/n/12 8.2.8[][][]\TU/SimSun(0)/m/n/12 结
 []

[164] [165] [166] [167] [168] [169] [170] [171] [172] [173] [174] [175] [176] [177] [178]) [179]
\openout2 = `chap9.aux'.

 (./chap9.tex
Chapter 9.
[180




] [181]
Underfull \vbox (badness 10000) has occurred while \output is active []

 [182] [183] [184] [185] [186]
Overfull \hbox (3.97336pt too wide) in paragraph at lines 218--222
\TU/SimSun(0)/m/n/12 我 们 可 以 利 用[][]式 \TU/lmr/m/n/12 9.5.8[][][] \TU/SimSun(0)/m/n/12 以 数 值 方 法 确 定 电 子 化 学 势 随 温 度 的 变 化，|  然 后 将 该 值 代 入[][]式 \TU/lmr/m/n/12 9.5.6[][][]
 []

[187] [188] [189] [190] [191]) [192]
\openout2 = `chap10.aux'.

 (./chap10.tex
Chapter 10.
[193




] [194]
Underfull \vbox (badness 10000) has occurred while \output is active []

 [195] [196]
Overfull \hbox (14.84483pt too wide) in paragraph at lines 110--113
\TU/SimSun(0)/m/n/12 据 $\OML/cmm/m/it/12 l$\TU/lmr/m/n/12 -\TU/SimSun(0)/m/n/12 簇 的 多 样 性 来 解 释 这 个 展 开 的 各 个 项。|  现 在 总 和 $\OML/cmm/m/it/12 S\OMS/cmsy/m/n/12 f\OML/cmm/m/it/12 m[]\OMS/cmsy/m/n/12 g$ \TU/SimSun(0)/m/n/12 由 因 子[][]式 \TU/lmr/m/n/12 10.1.18[][][]\TU/SimSun(0)/m/n/12 和[][]式 \TU/lmr/m/n/12 10.1.21[][][]\TU/SimSun(0)/m/n/12 相
 []

[197]
LaTeX Font Info:    Trying to load font information for U+euf on input line 142.
 (d:/texlive/2023/texmf-dist/tex/latex/amsfonts/ueuf.fd
File: ueuf.fd 2013/01/14 v3.01 Euler Fraktur
)
Overfull \hbox (10.12608pt too wide) in paragraph at lines 153--155
\TU/SimSun(0)/m/n/12 其 中 $\OML/cmm/m/it/12 ^^W\OT1/cmr/m/n/12 (= \OML/cmm/m/it/12 V\OT1/cmr/m/n/12 /\OML/cmm/m/it/12 N\OT1/cmr/m/n/12 )$ \TU/SimSun(0)/m/n/12 表 示 系 统 中 每 个 粒 子 的 体 积。|  展 开 式[][]式 \TU/lmr/m/n/12 10.2.1[][][] \TU/SimSun(0)/m/n/12 被 认 为 是 通 过 消 去[][]式 \TU/lmr/m/n/12 10.1.30[][][]
 []

[198] [199] [200] [201] [202] [203]
Overfull \hbox (14.25246pt too wide) in paragraph at lines 350--352
\TU/SimSun(0)/m/n/12 可 能 在 此 前 提 到，|  这 个 展 开 式 的 系 数 $\OML/cmm/m/it/12 ^^L[]$ \TU/SimSun(0)/m/n/12 最 终 将 与\TU/lmr/m/n/12 ” \TU/SimSun(0)/m/n/12 不 可 约 簇 积 分\TU/lmr/m/n/12 ”$\OML/cmm/m/it/12 ^^L[]$ \TU/SimSun(0)/m/n/12 相 对 应。|  将[][]式 \TU/lmr/m/n/12 10.4.17[][][]\TU/SimSun(0)/m/n/12 、|
 []

[204] [205] [206] [207] [208] [209] [210] [211] [212] [213] [214]
Overfull \hbox (16.25562pt too wide) in paragraph at lines 734--737
\TU/SimSun(0)/m/n/12 这 被 称 为 维 里 状 态 方 程，|  对 于 从 配 对 相 关 函 数 的 近 似 表 达 式 确 定 压 力 很 有 用。|  比 较[][]式 \TU/lmr/m/n/12 10.7.11[][][]
 []

[215] [216] [217] [218] [219] [220] [221]) [222]
\openout2 = `chap11.aux'.

 (./chap11.tex
Chapter 11.
[223




] [224]
Overfull \hbox (60.20512pt too wide) in paragraph at lines 65--68
\TU/lmr/m/n/12 ???$\OML/cmm/m/it/12  \OT1/cmr/m/n/12 ([])\OMS/cmsy/m/n/12 j\OT1/cmr/m/n/12 ^^I[]\OMS/cmsy/m/n/12 i$ \TU/lmr/m/n/12 ???? $[]$ ??????????? $\OT1/cmr/m/n/12 (\OML/cmm/m/it/12 N \OMS/cmsy/m/n/12 ^^@ \OT1/cmr/m/n/12 1)$\TU/lmr/m/n/12 ?????? $\OML/cmm/m/it/12  \OT1/cmr/m/n/12 ([])$ \TU/lmr/m/n/12 ???? $\OMS/cmsy/m/n/12 j\OT1/cmr/m/n/12 ^^I[]\OMS/cmsy/m/n/12 i$ \TU/lmr/m/n/12 ????????????????????$\OML/cmm/m/it/12  []\OT1/cmr/m/n/12 ([])\OMS/cmsy/m/n/12 j\OT1/cmr/m/n/12 ^^I[]\OMS/cmsy/m/n/12 i$
 []


Overfull \hbox (12.22801pt too wide) in paragraph at lines 65--68
\TU/lmr/m/n/12 ??? $[]$ ?????????? $\OT1/cmr/m/n/12 (\OML/cmm/m/it/12 N \OT1/cmr/m/n/12 + 1)$\TU/lmr/m/n/12 ?????? $\OML/cmm/m/it/12  []\OT1/cmr/m/n/12 ([])$ \TU/lmr/m/n/12 ???? $\OMS/cmsy/m/n/12 j\OT1/cmr/m/n/12 ^^I[]\OMS/cmsy/m/n/12 i$ \TU/lmr/m/n/12 ?????????????????????????????????????
 []

[225] [226] [227] [228] [229] [230] [231]
Overfull \hbox (82.03214pt too wide) in paragraph at lines 351--352
[]\TU/lmr/m/n/12 ? 7.2 ?????????????????????????-????????????????????? $\OML/cmm/m/it/12 a$ \TU/lmr/m/n/12 ???? [][]\TU/SimSun(0)/m/n/12 式 \TU/lmr/m/n/12 11.1.51[][][]????????????????????????
 []


Overfull \hbox (197.36017pt too wide) in paragraph at lines 351--352
[][]\TU/SimSun(0)/m/n/12 式 \TU/lmr/m/n/12 11.2.6[][][] ? [][]\TU/SimSun(0)/m/n/12 式 \TU/lmr/m/n/12 11.2.9[][][] ?????????????????? Gross-Pitaevskii ???????????????????? Pitaevskii?1961??Gross?1961?1963??Pitaevskii
 []

[232]
Overfull \hbox (7.90944pt too wide) in paragraph at lines 358--362
\TU/SimSun(0)/m/n/12 其 中 $\OML/cmm/m/it/12 a[] \OT1/cmr/m/n/12 = []$ \TU/SimSun(0)/m/n/12 是 未 受 扰 动 的 谐 振 子 基 态 在 笛 卡 尔 方 向 $\OML/cmm/m/it/12 ^^K$ \TU/SimSun(0)/m/n/12 上 的 线 性 尺 寸。| \TU/lmr/m/n/12 ???????????
 []


Overfull \hbox (24.72699pt too wide) in paragraph at lines 358--362
[][]\OT1/cmr/m/n/12 )$\TU/lmr/m/n/12 ??????? $\OML/cmm/m/it/12 u[] \OT1/cmr/m/n/12 = 4\OML/cmm/m/it/12 ^^Ya[][]\OT1/cmr/m/n/12 /\OML/cmm/m/it/12 m$\TU/lmr/m/n/12 ?????????????????????????????? [][]\TU/SimSun(0)/m/n/12 式 \TU/lmr/m/n/12 11.1.51[][][]?????? $\OML/cmm/m/it/12 a$ \TU/lmr/m/n/12 ??????????????
 []

[233]
Overfull \hbox (240.22412pt too wide) in paragraph at lines 396--397
[]\TU/lmr/m/n/12 ????????????????????????????????????????????????????????????????????????????????????????????????????????????????????????-
 []

[234]
Overfull \hbox (2.77058pt too wide) in paragraph at lines 443--446
\TU/lmr/m/n/12 ? [][]\TU/SimSun(0)/m/n/12 式 \TU/lmr/m/n/12 11.2.37[][][]?[][]\TU/SimSun(0)/m/n/12 式 \TU/lmr/m/n/12 11.2.38[][][] ? [][]\TU/SimSun(0)/m/n/12 式 \TU/lmr/m/n/12 11.2.39[][][] ?????? $\OML/cmm/m/it/12 b[]$ \TU/lmr/m/n/12 ? $\OML/cmm/m/it/12 b[]$ \TU/lmr/m/n/12 ????????????????????????????????????
 []

[235] [236] [237] [238] [239] [240] [241] [242] [243] [244] [245] [246]
Overfull \hbox (64.22752pt too wide) in paragraph at lines 861--865
[]\TU/lmr/m/n/12 ? 11.4 ??????????????????????????????????????????????????????????????????????????????????$[]$
 []

[247] [248] [249] [250] [251] [252] [253] [254]
Overfull \hbox (141.41869pt too wide) in paragraph at lines 1124--1125
[]\TU/lmr/m/n/12 ????????? $\OML/cmm/m/it/12 f\OT1/cmr/m/n/12 (\OML/cmm/m/it/12 ^^Z[]\OT1/cmr/m/n/12 )$ \TU/lmr/m/n/12 ? $\OML/cmm/m/it/12 f\OT1/cmr/m/n/12 (\OML/cmm/m/it/12 ^^Z[]\OT1/cmr/m/n/12 )$ \TU/lmr/m/n/12 ?????????????????????? $\OML/cmm/m/it/12 d \OMS/cmsy/m/n/12 ! \OT1/cmr/m/n/12 0$ \TU/lmr/m/n/12 ??????? $\OT1/cmr/m/n/12 11\OML/cmm/m/it/12 ^^Y[][]n[]\OT1/cmr/m/n/12 /12\OML/cmm/m/it/12 m$\TU/lmr/m/n/12 ?????????????????????[][]\TU/SimSun(0)/m/n/12 式 \TU/lmr/m/n/12 11.6.8[][][]? 
 []

[255] [256]
Overfull \hbox (9.89801pt too wide) in paragraph at lines 1207--1210
\TU/lmr/m/n/12 ??[][]\TU/SimSun(0)/m/n/12 式 \TU/lmr/m/n/12 8.2.8[][][] ? [][]\TU/SimSun(0)/m/n/12 式 \TU/lmr/m/n/12 11.6.12[][][]????????? $\OML/cmm/m/it/12 E[]$\TU/lmr/m/n/12 ????? 8.2.A ????????????????????????? $\OML/cmm/m/it/12 ^^_\OT1/cmr/m/n/12 (\OML/cmm/m/it/12 T\OT1/cmr/m/n/12 )$\TU/lmr/m/n/12 ?????????
 []


Overfull \hbox (4.4844pt too wide) in paragraph at lines 1207--1210
\OML/cmm/m/it/12 a > \OT1/cmr/m/n/12 0$ \TU/lmr/m/n/12 ???????????????????????? 11.17. ????? $\OML/cmm/m/it/12 ![]$ \TU/lmr/m/n/12 ??????????? Gross-Pitaevskii ??????????
 []


Overfull \hbox (29.29483pt too wide) in paragraph at lines 1216--1220
[][]\TU/SimSun(0)/m/n/12 式 \TU/lmr/m/n/12 11.2.6[][][]? 11.19. ???????? Gross-Pitaevskii ?? [][]\TU/SimSun(0)/m/n/12 式 \TU/lmr/m/n/12 11.2.23[][][]??????? $\OML/cmm/m/it/12 a$ \TU/lmr/m/n/12 ?????????????????????????
 []

) [257]
\openout2 = `chap12.aux'.

 (./chap12.tex
Chapter 12.

Underfull \vbox (badness 4168) has occurred while \output is active []

 [258




] [259] [260] [261] [262] [263] [264] [265] [266] [267] [268] [269] [270] [271] [272] [273] [274] [275] [276] [277] [278]
Underfull \vbox (badness 10000) has occurred while \output is active []

 [279] [280] [281] [282] [283] [284] [285] [286] [287] [288] [289] [290] [291] [292] [293] [294] [295] [296] [297] [298] [299] [300] [301] [302] [303] [304] [305] [306]) [307]
\openout2 = `chap13.aux'.

 (./chap13.tex
Chapter 13.

Underfull \vbox (badness 10000) has occurred while \output is active []

 [308




] [309] [310]
Overfull \hbox (21.24156pt too wide) in paragraph at lines 83--85
\TU/SimSun(0)/m/n/12 且 $\OML/cmm/m/it/12 z[]$ \TU/SimSun(0)/m/n/12 是 $\OML/cmm/m/it/12 z$ \TU/SimSun(0)/m/n/12 的 复 共 轭。|  波 动 压 缩 率 关 系 现 可 表 示 为：| $\OML/cmm/m/it/12 S\OT1/cmr/m/n/12 (\OML/cmm/m/it/12 k \OMS/cmsy/m/n/12 ! \OT1/cmr/m/n/12 0) = \OML/cmm/m/it/12 ^^T[]\OT1/cmr/m/n/12 /\OML/cmm/m/it/12 ^^T[] \OT1/cmr/m/n/12 = [] /\OMS/cmsy/m/n/12 h\OML/cmm/m/it/12 y\OMS/cmsy/m/n/12 i[]$\TU/SimSun(0)/m/n/12 。|
 []

[311] [312] [313] [314] [315] [316] [317] [318] [319] [320] [321] [322] [323]
Underfull \vbox (badness 1867) has occurred while \output is active []

 [324] [325] [326] [327] [328] [329] [330] [331] [332] [333] [334] [335] [336] [337] [338] [339] [340] [341] [342] [343] [344] [345] [346] [347]
Overfull \hbox (162.2469pt too wide) in paragraph at lines 1344--1347
\TU/SimSun(0)/m/n/12 其 中 $\OML/cmm/m/it/12 k \OMS/cmsy/m/n/12 ^^T \OML/cmm/m/it/12 l \OMS/cmsy/m/n/12 ^^T \OML/cmm/m/it/12 m \OMS/cmsy/m/n/12 ^^T \OML/cmm/m/it/12 n$\TU/SimSun(0)/m/n/12 。| \TU/lmr/m/n/12 13.12. ??[][]\TU/SimSun(0)/m/n/12 式 \TU/lmr/m/n/12 13.4.5[][][]???? $\OML/cmm/m/it/12 n\OT1/cmr/m/n/12 (\OML/cmm/m/it/12 r\OT1/cmr/m/n/12 )$\TU/lmr/m/n/12 ??????????????? $\OML/cmm/m/it/12 r$ \TU/lmr/m/n/12 ????????????????????????????????????????????????? 
 []

[348]
Overfull \hbox (17.99496pt too wide) detected at line 1357
[][][][] [] \OML/cmm/m/it/12 Q\OT1/cmr/m/n/12 (\OML/cmm/m/it/12 T\OT1/cmr/m/n/12 ) = [] 2 + [] [][] [][] []\OMS/cmsy/m/n/12 f[]\OT1/cmr/m/n/12 (2\OML/cmm/m/it/12 ^^M\OT1/cmr/m/n/12 ) [](2\OML/cmm/m/it/12 ^^M[]\OT1/cmr/m/n/12 ) \OMS/cmsy/m/n/12 ^^@ []\OT1/cmr/m/n/12 (2\OML/cmm/m/it/12 ^^M\OT1/cmr/m/n/12 ) [] \OML/cmm/m/it/12 ! \OMS/cmsy/m/n/12 ^^@ []\OT1/cmr/m/n/12 (2\OML/cmm/m/it/12 ^^M[]\OT1/cmr/m/n/12 ) [] \OML/cmm/m/it/12 ![]\OMS/cmsy/m/n/12 g\OML/cmm/m/it/12 d!d![];
 []


Overfull \hbox (71.37079pt too wide) in paragraph at lines 1362--1366
\TU/lmr/m/n/12 ????? $\OML/cmm/m/it/12 ^^T \OMS/cmsy/m/n/12 ! \OT1/cmr/m/n/12 1\OMS/cmsy/m/n/12 ^^@$ \TU/lmr/m/n/12 ?????????? $[] \OT1/cmr/m/n/12 2$\TU/lmr/m/n/12 ??????????? $[]\OT1/cmr/m/n/12 [2/(1 \OMS/cmsy/m/n/12 ^^@ \OML/cmm/m/it/12 ^^T[]\OT1/cmr/m/n/12 )[]]$\TU/lmr/m/n/12 ????$\OML/cmm/m/it/12 K[]\OT1/cmr/m/n/12 (\OML/cmm/m/it/12 ^^T\OT1/cmr/m/n/12 ) \OMS/cmsy/m/n/12 ^^Y []\OT1/cmr/m/n/12 (4/\OMS/cmsy/m/n/12 j\OML/cmm/m/it/12 ^^T\OMS/cmsy/m/n/12 0j\OT1/cmr/m/n/12 )$\TU/lmr/m/n/12 ???[][]\TU/SimSun(0)/m/n/12 式 \TU/lmr/m/n/12 13.4.34[][][]????????
 []


Overfull \hbox (41.8507pt too wide) in paragraph at lines 1368--1373
\TU/lmr/m/n/12 ??????????????????????[][]\TU/SimSun(0)/m/n/12 式 \TU/lmr/m/n/12 13.4.38[][][]?????????? $\OML/cmm/m/it/12 B\OMS/cmsy/m/n/12 j\OML/cmm/m/it/12 t\OMS/cmsy/m/n/12 j[]f\OT1/cmr/m/n/12 1 + \OML/cmm/m/it/12 b\OMS/cmsy/m/n/12 j\OML/cmm/m/it/12 t\OMS/cmsy/m/n/12 j \OT1/cmr/m/n/12 + [] \OMS/cmsy/m/n/12 g$ \TU/lmr/m/n/12 ?????? $\OML/cmm/m/it/12 B$ \TU/lmr/m/n/12 ? $\OML/cmm/m/it/12 ^^L$ \TU/lmr/m/n/12 ???[][]\TU/SimSun(0)/m/n/12 式 \TU/lmr/m/n/12 13.4.40[][][]?????
 []


Overfull \hbox (16.92061pt too wide) in paragraph at lines 1368--1373
\OML/cmm/m/it/12 b \OT1/cmr/m/n/12 = (1 \OMS/cmsy/m/n/12 ^^@ \OT1/cmr/m/n/12 9\OML/cmm/m/it/12 K[]\OT1/cmr/m/n/12 /[])/8$\TU/lmr/m/n/12 ???????$\OML/cmm/m/it/12 t \OT1/cmr/m/n/12 = (\OML/cmm/m/it/12 T \OMS/cmsy/m/n/12 ^^@ \OML/cmm/m/it/12 T[]\OT1/cmr/m/n/12 )/\OML/cmm/m/it/12 T[] < \OT1/cmr/m/n/12 0$\TU/lmr/m/n/12 ?? $\OMS/cmsy/m/n/12 j\OML/cmm/m/it/12 t\OMS/cmsy/m/n/12 j ^^\ \OT1/cmr/m/n/12 1$\TU/lmr/m/n/12 ? 13.17. ?? 13.4 ??????????????????
 []

[349]
Overfull \hbox (221.2647pt too wide) in paragraph at lines 1404--1407
\OML/cmm/m/it/12 k[]T^^_[]\OT1/cmr/m/n/12 /\OML/cmm/m/it/12 N^^V[]$ \TU/SimSun(0)/m/n/12 会 趋 于 无 穷 大。|  请 与 问 题 \TU/lmr/m/n/12 13.26 \TU/SimSun(0)/m/n/12 进 行 对 比。| \TU/lmr/m/n/12 13.21. ?????????????????????????????????????????????????????13.5.57???$\OML/cmm/m/it/12 ^^U \OMS/cmsy/m/n/12 ^^@
 []


Overfull \hbox (31.65091pt too wide) in paragraph at lines 1414--1418
\TU/lmr/m/n/12 ?????[][]\TU/SimSun(0)/m/n/12 式 \TU/lmr/m/n/12 13.6.35[][][]???? $\OML/cmm/m/it/12 G\OT1/cmr/m/n/12 ([])$\TU/lmr/m/n/12 ?? $\OML/cmm/m/it/12 ^^X$ \TU/lmr/m/n/12 ?[][]\TU/SimSun(0)/m/n/12 式 \TU/lmr/m/n/12 13.6.36[][][]?? $\OML/cmm/m/it/12 ^^X$ \TU/lmr/m/n/12 ?????$[]$ 13.22. ???????????????????????????????
 []


Overfull \hbox (12.09215pt too wide) in paragraph at lines 1414--1418
\TU/lmr/m/n/12 ????????????? $\OML/cmm/m/it/12 ^^[ < \OT1/cmr/m/n/12 2$\TU/lmr/m/n/12 ?????? $\OML/cmm/m/it/12 J\OT1/cmr/m/n/12 [\OML/cmm/m/it/12 ^^^ \OT1/cmr/m/n/12 + [](\OML/cmm/m/it/12 ka\OT1/cmr/m/n/12 )[]]$\TU/lmr/m/n/12 ???? $\OML/cmm/m/it/12 ^^[ > \OT1/cmr/m/n/12 2$\TU/lmr/m/n/12 ?????? $\OML/cmm/m/it/12 J\OT1/cmr/m/n/12 [\OML/cmm/m/it/12 ^^^ \OT1/cmr/m/n/12 + [](\OML/cmm/m/it/12 ka\OT1/cmr/m/n/12 )[]]$\TU/lmr/m/n/12 ??????????????????
 []


Overfull \hbox (8.6507pt too wide) in paragraph at lines 1424--1428
\TU/SimSun(0)/m/n/12 对 于 $\OML/cmm/m/it/12 d > \OT1/cmr/m/n/12 2\OML/cmm/m/it/12 ^^[$\TU/SimSun(0)/m/n/12 。| \TU/lmr/m/n/12 13.23. ???? 13.6 ??? $\OML/cmm/m/it/12 d$ \TU/lmr/m/n/12 ???????????????[][]\TU/SimSun(0)/m/n/12 式 \TU/lmr/m/n/12 13.6.9[][][]?[][]\TU/SimSun(0)/m/n/12 式 \TU/lmr/m/n/12 13.6.15[][][]??[][]\TU/SimSun(0)/m/n/12 式 \TU/lmr/m/n/12 13.6.23[][][]??????
 []

[350]
Overfull \hbox (60.5324pt too wide) in paragraph at lines 1469--1483
\OML/cmm/m/it/12 S\OT1/cmr/m/n/12 (\OML/cmm/m/it/12 k\OT1/cmr/m/n/12 )$\TU/lmr/m/n/12 ????????????????????[][]\TU/SimSun(0)/m/n/12 式 \TU/lmr/m/n/12 13.1.21[][][]????? 13.29. ????????[][]\TU/SimSun(0)/m/n/12 式 \TU/lmr/m/n/12 13.1.8[][][]?[][]\TU/SimSun(0)/m/n/12 式 \TU/lmr/m/n/12 13.1.9[][][]??????????????????????
 []


Overfull \hbox (32.92851pt too wide) in paragraph at lines 1469--1483
\TU/SimSun(0)/m/n/12 进 一 步 扩 展，|  以 计 算 $\OT1/cmr/m/n/12 6 \OMS/cmsy/m/n/12 ^^B \OT1/cmr/m/n/12 6$ \TU/SimSun(0)/m/n/12 晶 格 的 配 分 函 数，|  该 晶 格 共 有 $\OT1/cmr/m/n/12 2[]$ \TU/SimSun(0)/m/n/12 个 状 态。| \TU/lmr/m/n/12 13.32. ????13.2.5???????????
 []


Overfull \hbox (11.06206pt too wide) in paragraph at lines 1469--1483
\TU/lmr/m/n/12 ?????????[][]\TU/SimSun(0)/m/n/12 式 \TU/lmr/m/n/12 13.4.56[][][] ? [][]\TU/SimSun(0)/m/n/12 式 \TU/lmr/m/n/12 13.4.59[][][]??????????? $\OT1/cmr/m/n/12 8 \OMS/cmsy/m/n/12 ^^B \OT1/cmr/m/n/12 8$ \TU/lmr/m/n/12 ??????????????????????????????????????
 []

[351]) [352]
\openout2 = `chap14.aux'.

 (./chap14.tex
Chapter 14.
[353




]
Overfull \hbox (269.21352pt too wide) in paragraph at lines 22--25
\TU/lmr/m/n/12 ????????????????[][]\TU/SimSun(0)/m/n/12 式 \TU/lmr/m/n/12 14.1.3[][][] ? [][]\TU/SimSun(0)/m/n/12 式 \TU/lmr/m/n/12 14.1.4[][][] ??????????????????[][]\TU/SimSun(0)/m/n/12 式 \TU/lmr/m/n/12 14.1.3[][][]????????????????[][]\TU/SimSun(0)/m/n/12 式 \TU/lmr/m/n/12 14.1.4[][][]???????????????????????? 14.2?????????????????
 []

[354] [355]
Overfull \hbox (30.3546pt too wide) detected at line 111
[][][]\OML/cmm/m/it/12 Q[]\OT1/cmr/m/n/12 (\OML/cmm/m/it/12 B; T\OT1/cmr/m/n/12 ) = [] [] [] (\OML/cmm/m/it/12 K[] \OT1/cmr/m/n/12 = 0\OML/cmm/m/it/12 ; K[] \OT1/cmr/m/n/12 = \OML/cmm/m/it/12 ^^LJ; K[] \OT1/cmr/m/n/12 = \OML/cmm/m/it/12 ^^L^^VB\OT1/cmr/m/n/12 );
 []


Overfull \hbox (4.97125pt too wide) detected at line 115
[][][][]
 []

[356] [357] [358]
Overfull \hbox (26.13654pt too wide) detected at line 216
[][][][] [][] [] [] \OML/cmm/m/it/12 :
 []


Overfull \hbox (7.05316pt too wide) in paragraph at lines 235--238
\TU/lmr/m/n/12 ???????????14.4????????????????????????(27)?????[][]\TU/SimSun(0)/m/n/12 式 \TU/lmr/m/n/12 14.2.25[][][]????$\OML/cmm/m/it/12 K[]$\TU/lmr/m/n/12 ?$\OML/cmm/m/it/12 K[]$\TU/lmr/m/n/12 ????????????????
 []


Overfull \hbox (8.56667pt too wide) in paragraph at lines 244--246
\TU/lmr/m/n/12 ????????????????????????????13.18?????????[][]\TU/SimSun(0)/m/n/12 式 \TU/lmr/m/n/12 14.3.20[][][]?$\OML/cmm/m/it/12 RG$\TU/lmr/m/n/12 ???????????????????????????? 
 []

[359]
Overfull \hbox (6.88545pt too wide) in paragraph at lines 256--259
$[]$ \TU/lmr/m/n/12 ????????????????????????$\OML/cmm/m/it/12 ^^Q$\TU/lmr/m/n/12 ??1????[][]\TU/SimSun(0)/m/n/12 式 \TU/lmr/m/n/12 14.1.23[][][]???$\OML/cmm/m/it/12 d \OT1/cmr/m/n/12 = 1$\TU/lmr/m/n/12 ???$\OML/cmm/m/it/12 ^^[\OMS/cmsy/m/n/12 0\OT1/cmr/m/n/12 ([]\OMS/cmsy/m/n/12 0\OT1/cmr/m/n/12 ) = \OML/cmm/m/it/12 ^^[\OT1/cmr/m/n/12 ([])$\TU/lmr/m/n/12 ? ???[][]\TU/SimSun(0)/m/n/12 式 \TU/lmr/m/n/12 14.2.31[][][]??? 
 []

[360] [361] [362]
Overfull \hbox (49.098pt too wide) in paragraph at lines 385--388
\TU/lmr/m/n/12 ??14.5.2? ???????$\OML/cmm/m/it/12 ^^X\OT1/cmr/m/n/12 ([][]) = \OML/cmm/m/it/12 l[]^^X\OT1/cmr/m/n/12 ([][])$\TU/lmr/m/n/12 ????? $\OML/cmm/m/it/12 ^^X\OT1/cmr/m/n/12 ([][])$ \TU/lmr/m/n/12 ?????????????????????????????????????????????
 []


Overfull \hbox (14.62119pt too wide) in paragraph at lines 385--388
\TU/lmr/m/n/12 ??????????? $[][]$??????? $\OML/cmm/m/it/12 ^^X$ \TU/lmr/m/n/12 ???????????????14.5.7?????????????????????? $[]$ ??????????????
 []


Overfull \hbox (432.79987pt too wide) in paragraph at lines 385--388
[]$ \TU/lmr/m/n/12 ? $[][]$ ????????????????????????????????????? $\OML/cmm/m/it/12 ^^X$ \TU/lmr/m/n/12 ??????????????????????????????????????????????????????????????????????????????????????? 14.5?????????????????????
 []

[363] [364] [365] [366] [367] [368]
Overfull \hbox (949.44145pt too wide) in paragraph at lines 616--623
\TU/lmr/m/n/12 ???????????????????????????????????$\OML/cmm/m/it/12 K$\TU/lmr/m/n/12 ?$\OML/cmm/m/it/12 L$\TU/lmr/m/n/12 ???????????????????????????????????$\OML/cmm/m/it/12 M$\TU/lmr/m/n/12 ????????????????????????????????????????????$\OML/cmm/m/it/12 K$\TU/lmr/m/n/12 ?$\OML/cmm/m/it/12 L$\TU/lmr/m/n/12 ???????????????????$\OML/cmm/m/it/12 K$\TU/lmr/m/n/12 ???????????????????????????????????????$\OML/cmm/m/it/12 ^^[\OT1/cmr/m/n/12 ([])$\TU/lmr/m/n/12 ?$\OML/cmm/m/it/12 ^^[\OMS/cmsy/m/n/12 0\OT1/cmr/m/n/12 ([]\OMS/cmsy/m/n/12 0\OT1/cmr/m/n/12 )$\TU/lmr/m/n/12 ??????????[][]\TU/SimSun(0)/m/n/12 式 \TU/lmr/m/n/12 14.1.23[][][]?????????????????????????$\OT1/cmr/m/n/12 ([])[]$\TU/lmr/m/n/12 ???$\OML/cmm/m/it/12 ^^Q \OT1/cmr/m/n/12 =
 []


Overfull \hbox (351.73587pt too wide) in paragraph at lines 616--623
[]$\TU/lmr/m/n/12 ???$\OT1/cmr/m/n/12 2[]$\TU/lmr/m/n/12 ????????????????????????$\OML/cmm/m/it/12 ^^Z$\TU/lmr/m/n/12 ???????????????????? Wilson, 1975???????????????????????????????????????????????????????????????????????????????
 []

[369]
Overfull \hbox (155.02187pt too wide) in paragraph at lines 627--629
\TU/lmr/m/n/12 ????????? $\OML/cmm/m/it/12 h$\TU/lmr/m/n/12 ????$\OML/cmm/m/it/12 T[]$ \TU/lmr/m/n/12 ????????? $\OML/cmm/m/it/12 qJ\OT1/cmr/m/n/12 /\OML/cmm/m/it/12 k$\TU/lmr/m/n/12 ??? $\OML/cmm/m/it/12 q$ \TU/lmr/m/n/12 ??????$\OML/cmm/m/it/12 R[]$ \TU/lmr/m/n/12 ???????????$\OML/cmm/m/it/12 a$ \TU/lmr/m/n/12 ??????? $[]$ ?????[][]\TU/SimSun(0)/m/n/12 式 \TU/lmr/m/n/12 14.3.31[][][]???????????????????????????
 []


Overfull \hbox (58.95569pt too wide) in paragraph at lines 638--641
\TU/lmr/m/n/12 ??????????[][]\TU/SimSun(0)/m/n/12 式 \TU/lmr/m/n/12 14.4.27[][][]???? $\OML/cmm/m/it/12 c$ \TU/lmr/m/n/12 ????????????????????????????????? ???[][]\TU/SimSun(0)/m/n/12 式 \TU/lmr/m/n/12 14.4.27[][][]????????????????????? 
 []


Overfull \hbox (286.13179pt too wide) in paragraph at lines 647--652
\TU/SimSun(0)/m/n/12 接 下 来，|  我 们 来 探 讨 两 种 不 同 的 情 形。| $[]$ \TU/lmr/m/n/12 ????????????????????????????????$\OML/cmm/m/it/12 n \OT1/cmr/m/n/12 = 1$\TU/lmr/m/n/12 ????????????????????????[][]\TU/SimSun(0)/m/n/12 式 \TU/lmr/m/n/12 14.3.31[][][]?????????????????1983??? A?
 []


Overfull \hbox (1.31308pt too wide) in paragraph at lines 647--652
\TU/SimSun(0)/m/n/12 维 度 $\OML/cmm/m/it/12 d \U/msa/m/n/12 & \OT1/cmr/m/n/12 4$\TU/SimSun(0)/m/n/12 ，|  因 此 $\OML/cmm/m/it/12 "$ \TU/SimSun(0)/m/n/12 是 一 个 很 小 的 负 数\TU/lmr/m/n/12 ?[][]\TU/SimSun(0)/m/n/12 式 \TU/lmr/m/n/12 14.4.27[][][]???????????????????? $\OML/cmm/m/it/12 u$ \TU/lmr/m/n/12 ???????????????
 []

[370]
Overfull \hbox (72.37022pt too wide) in paragraph at lines 666--670
\TU/lmr/m/n/12 ??[][]\TU/SimSun(0)/m/n/12 式 \TU/lmr/m/n/12 14.3.33[][][]??????????????????? $\OML/cmm/m/it/12 u$ \TU/lmr/m/n/12 ???????????? 14.3 ?????????????????????????????????????????????
 []


Overfull \hbox (218.86507pt too wide) in paragraph at lines 666--670
\TU/SimSun(0)/m/n/12 维 度 $\OML/cmm/m/it/12 d \U/msa/m/n/12 . \OT1/cmr/m/n/12 4$\TU/SimSun(0)/m/n/12 ，|  因 此 $\OML/cmm/m/it/12 "$ \TU/SimSun(0)/m/n/12 是 一 个 很 小 的 正 数\TU/lmr/m/n/12 ????? $\OML/cmm/m/it/12 u$ \TU/lmr/m/n/12 ??????????????????????????????????????????????????????????????[][]\TU/SimSun(0)/m/n/12 式 \TU/lmr/m/n/12 14.4.31[][][]???? 14.7
 []

[371] [372] [373]
Overfull \hbox (57.11185pt too wide) in paragraph at lines 747--750
\TU/lmr/m/n/12 ?????????????????????????????????[][]\TU/SimSun(0)/m/n/12 式 \TU/lmr/m/n/12 12.10.7[][][]?[][]\TU/SimSun(0)/m/n/12 式 \TU/lmr/m/n/12 14.3.26[][][]???????? $\OML/cmm/m/it/12 L$ \TU/lmr/m/n/12 ?????????????????????????????
 []

[374] [375] [376] [377] [378] [379] [380]
Overfull \hbox (356.04599pt too wide) in paragraph at lines 1009--1012
\TU/lmr/m/n/12 ????13.2.4?????1??????????? $\OML/cmm/m/it/12 K$ \TU/lmr/m/n/12 ? $\OML/cmm/m/it/12 K\OMS/cmsy/m/n/12 0$ \TU/lmr/m/n/12 ??????????????[][]\TU/SimSun(0)/m/n/12 式 \TU/lmr/m/n/12 14.2.7[][][]?[][]\TU/SimSun(0)/m/n/12 式 \TU/lmr/m/n/12 14.2.9[][][]??? 14.2. ????14.2??????15???????????????????14?????????????????????????????8????
 []


Overfull \hbox (134.10501pt too wide) in paragraph at lines 1014--1016
\TU/lmr/m/n/12 14.3. ????14.2??????32???????????????????31?????????????????????????????25???? $\OML/cmm/m/it/12 K\OMS/cmsy/m/n/12 0$\TU/lmr/m/n/12 ?????????27?????????????? 
 []

[381]
Overfull \hbox (18.12729pt too wide) in paragraph at lines 1022--1024
\TU/lmr/m/n/12 14.4. ??????????????????[][]\TU/SimSun(0)/m/n/12 式 \TU/lmr/m/n/12 14.2.24[][][]?????[][]\TU/SimSun(0)/m/n/12 式 \TU/lmr/m/n/12 14.2.19[][][]???? $\OML/cmm/m/it/12 K[]\OMS/cmsy/m/n/12 0 \OT1/cmr/m/n/12 = \OML/cmm/m/it/12 K[] \OT1/cmr/m/n/12 = 0$\TU/lmr/m/n/12 ?? $\OML/cmm/m/it/12 ^^[[]\OMS/cmsy/m/n/12 0 \OT1/cmr/m/n/12 = (2^^C/\OML/cmm/m/it/12 K[]\OT1/cmr/m/n/12 )[]\OML/cmm/m/it/12 s[]\OMS/cmsy/m/n/12 0$
 []

[382]) [383]
\openout2 = `chap15.aux'.

 (./chap15.tex
Chapter 15.
[384




]
Overfull \hbox (416.70573pt too wide) in paragraph at lines 32--33
[]\TU/lmr/m/n/12 ?????????$\OML/cmm/m/it/12 P[]$\TU/lmr/m/n/12 ???$\OML/cmm/m/it/12 T[]$\TU/lmr/m/n/12 ??????????????????????????1???????????????????2??????????????????????$\OML/cmm/m/it/12 P[]$\TU/lmr/m/n/12 ?$\OML/cmm/m/it/12 T[]$\TU/lmr/m/n/12 ????????$\OML/cmm/m/it/12 P[]$\TU/lmr/m/n/12 ?$\OML/cmm/m/it/12 T[]$\TU/lmr/m/n/12 ????????$\OML/cmm/m/it/12 dE[]$\TU/lmr/m/n/12 ?$\OML/cmm/m/it/12 dV[]$\TU/lmr/m/n/12 ???????$\OMS/cmsy/m/n/12 ^^@\OML/cmm/m/it/12 dE[]$\TU/lmr/m/n/12 ?$\OMS/cmsy/m/n/12 ^^@\OML/cmm/m/it/12 dV[]$\TU/lmr/m/n/12 ????[][]\TU/SimSun(0)/m/n/12 式 \TU/lmr/m/n/12 15.1.3[][][]?? 
 []

[385] [386] [387] [388]
Overfull \hbox (568.16354pt too wide) in paragraph at lines 230--231
[]\TU/lmr/m/n/12 ? ????????????????????????????????????? $\OML/cmm/m/it/12 t$ \TU/lmr/m/n/12 ?? $\OMS/cmsy/m/n/12 ^^@\OML/cmm/m/it/12 t$ \TU/lmr/m/n/12 ??????????????????????????????????????????????????????????????????????????????????????????????????[][]\TU/SimSun(0)/m/n/12 式 \TU/lmr/m/n/12 15.2.19[][][]?????????????????????????? 
 []

[389]
Overfull \hbox (26.51569pt too wide) in paragraph at lines 264--265
[]\TU/lmr/m/n/12 ? $\OML/cmm/m/it/12 x$ \TU/lmr/m/n/12 ?????????? $\OML/cmm/m/it/12 p[]\OT1/cmr/m/n/12 (\OML/cmm/m/it/12 m\OT1/cmr/m/n/12 ) \OMS/cmsy/m/n/12 ^^Q \OT1/cmr/m/n/12 0$\TU/lmr/m/n/12 ??? $\OML/cmm/m/it/12 m$ \TU/lmr/m/n/12 ???????????[][]\TU/SimSun(0)/m/n/12 式 \TU/lmr/m/n/12 15.2.14[][][]??$\OT1/cmr/m/n/12 ^^A\OML/cmm/m/it/12 m \OT1/cmr/m/n/12 = 2$ \TU/lmr/m/n/12 ?? 1?????????????????? 
 []


Overfull \hbox (533.63925pt too wide) in paragraph at lines 278--279
[]\TU/lmr/m/n/12 ?????????????? $\OML/cmm/m/it/12 D$ \TU/lmr/m/n/12 ???????????????[][]\TU/SimSun(0)/m/n/12 式 \TU/lmr/m/n/12 15.2.16[][][]???????? $\OML/cmm/m/it/12 l$ \TU/lmr/m/n/12 ? $\OML/cmm/m/it/12 ^^\[]$ \TU/lmr/m/n/12 ??????????????????????????????????????????????????????????????????????????????????????????????????????????????????????
 []

[390] [391] [392] [393] [394] [395]
File: images/chap15_m27cbe596090a0cf8d4130e8b80d6889e.jpg Graphic file (type bmp)
<images/chap15_m27cbe596090a0cf8d4130e8b80d6889e.jpg>
 [396]
Overfull \hbox (137.22847pt too wide) in paragraph at lines 581--582
[]\TU/lmr/m/n/12 ? 15.3 ?? 15.4 ????????????? $\OMS/cmsy/m/n/12 h\OML/cmm/m/it/12 v[]\OT1/cmr/m/n/12 (\OML/cmm/m/it/12 t\OT1/cmr/m/n/12 )\OMS/cmsy/m/n/12 i$ \TU/lmr/m/n/12 ? $\OMS/cmsy/m/n/12 h\OML/cmm/m/it/12 r[]\OT1/cmr/m/n/12 (\OML/cmm/m/it/12 t\OT1/cmr/m/n/12 )\OMS/cmsy/m/n/12 i$ \TU/lmr/m/n/12 ????????????[][]\TU/SimSun(0)/m/n/12 式 \TU/lmr/m/n/12 15.3.29[][][]?[][]\TU/SimSun(0)/m/n/12 式 \TU/lmr/m/n/12 15.3.31[][][]????????????????????????????? 
 []

[397] [398] [399]
Overfull \hbox (499.62692pt too wide) in paragraph at lines 703--704
[]\TU/lmr/m/n/12 ????????????????????????????????????? $\OML/cmm/m/it/12 r\OT1/cmr/m/n/12 (\OML/cmm/m/it/12 t\OT1/cmr/m/n/12 )$ \TU/lmr/m/n/12 ??? $\OML/cmm/m/it/12 v\OT1/cmr/m/n/12 (\OML/cmm/m/it/12 t\OT1/cmr/m/n/12 )$ \TU/lmr/m/n/12 ?????????????????????????????????????????????????????????????????????15.2???????????????????????????[][]\TU/SimSun(0)/m/n/12 式 \TU/lmr/m/n/12 15.2.20[][][]?????????
 []

[400]
Overfull \hbox (93.66348pt too wide) in paragraph at lines 761--762
[]\TU/lmr/m/n/12 ??????????????????????????????????????? $\OML/cmm/m/it/12 F[] \OT1/cmr/m/n/12 = \OMS/cmsy/m/n/12 ^^@\OML/cmm/m/it/12 ^^Ux$ \TU/lmr/m/n/12 ????????????????? $\OML/cmm/m/it/12 B$\TU/lmr/m/n/12 ????????????[][]\TU/SimSun(0)/m/n/12 式 \TU/lmr/m/n/12 15.3.4[][][]?????
 []

[401]
Overfull \hbox (5.38416pt too wide) in paragraph at lines 793--794
[]\TU/lmr/m/n/12 ???????????[][]\TU/SimSun(0)/m/n/12 式 \TU/lmr/m/n/12 15.2.19[][][]?[][]\TU/SimSun(0)/m/n/12 式 \TU/lmr/m/n/12 15.3.11[][][]?????????????????????????????????[][]\TU/SimSun(0)/m/n/12 式 \TU/lmr/m/n/12 15.2.20[][][]??????
 []

[402] [403]
File: images/chap15_m157329fad266fd2d2fa6dc87e549cb00.jpg Graphic file (type bmp)
<images/chap15_m157329fad266fd2d2fa6dc87e549cb00.jpg>
 [404] [405] [406]
File: images/chap15_m4c8e55bacef9097ae461169479aa19e6.jpg Graphic file (type bmp)
<images/chap15_m4c8e55bacef9097ae461169479aa19e6.jpg>
File: images/chap15_m218f5b9f42080ef0f3008340a988b90c.jpg Graphic file (type bmp)
<images/chap15_m218f5b9f42080ef0f3008340a988b90c.jpg>
 [407]
Overfull \hbox (9.37268pt too wide) in paragraph at lines 1053--1054
[]\TU/SimSun(0)/m/n/12 因 此，|  鉴 于 响 应 时 间 $\OML/cmm/m/it/12 ^^\[]$ \TU/SimSun(0)/m/n/12 是 有 限 的，|  布 朗 粒 子 的 观 测 均 方 根 速 度 将 被 降 低 至 $\OT1/cmr/m/n/12 2(\OML/cmm/m/it/12 ^^\\OT1/cmr/m/n/12 /\OML/cmm/m/it/12 ^^\[]\OT1/cmr/m/n/12 )[] \OMS/cmsy/m/n/12 ^^X
 []

[408]
Overfull \hbox (83.80812pt too wide) in paragraph at lines 1105--1106
\TU/lmr/m/n/12 ??????????????????????[][]\TU/SimSun(0)/m/n/12 式 \TU/lmr/m/n/12 15.3.2[][][]????????????????????????????????????????????????????1?????????????-
 []

[409]
Overfull \hbox (74.76633pt too wide) in paragraph at lines 1173--1174
[]\TU/lmr/m/n/12 ?????????????10?????6?????? $\OMS/cmsy/m/n/12 h\OML/cmm/m/it/12 r[]\OMS/cmsy/m/n/12 i$ \TU/lmr/m/n/12 ????15.3.7???????????9???????????15.3.31???????15.17???????? 
 []

[410]
Overfull \hbox (45.50693pt too wide) in paragraph at lines 1205--1206
[]\TU/lmr/m/n/12 ????????[][]\TU/SimSun(0)/m/n/12 式 \TU/lmr/m/n/12 15.3.2[][][]????????????????????? $\OML/cmm/m/it/12 R$ \TU/lmr/m/n/12 ??? $[]\OT1/cmr/m/n/12 (\OML/cmm/m/it/12 t\OT1/cmr/m/n/12 )$ \TU/lmr/m/n/12 ????????????????????1????13?????????? 
 []

[411] [412] [413]
Overfull \hbox (27.8148pt too wide) in paragraph at lines 1363--1364
[]\TU/lmr/m/n/12 ???[][]\TU/SimSun(0)/m/n/12 式 \TU/lmr/m/n/12 15.3.45[][][]?????????-??????????????? Martin?1968??Forster?1975??? Mazenko?2006?? 
 []

[414] [415]
File: images/chap15_m5c2a1bb2c993c9955e7917bd0a33b25f.jpg Graphic file (type bmp)
<images/chap15_m5c2a1bb2c993c9955e7917bd0a33b25f.jpg>

Overfull \hbox (43.74019pt too wide) detected at line 1432
\OML/cmm/m/it/12 S\OT1/cmr/m/n/12 (\OML/cmm/m/it/12 k; !\OT1/cmr/m/n/12 ) = \OML/cmm/m/it/12 S\OT1/cmr/m/n/12 (\OML/cmm/m/it/12 k\OT1/cmr/m/n/12 ) [] \OML/cmm/m/it/12 :
 []

[416] [417]
Overfull \hbox (19.51976pt too wide) in paragraph at lines 1474--1475
[]\TU/lmr/m/n/12 ??????????????? $\OML/cmm/m/it/12 X[]$ \TU/lmr/m/n/12 ??? $\OT1/cmr/m/n/12 (\OML/cmm/m/it/12 x[] \OMS/cmsy/m/n/12 ^^@ []\OT1/cmr/m/n/12 )$ \TU/lmr/m/n/12 ?????????????????????????[][]\TU/SimSun(0)/m/n/12 式 \TU/lmr/m/n/12 15.1.2[][][]?$\OML/cmm/m/it/12 x[]X[]$ \TU/lmr/m/n/12 ???????????? 
 []

[418] [419] [420]
Overfull \hbox (108.91978pt too wide) in paragraph at lines 1678--1679
[]\TU/lmr/m/n/12 15.2. ??????[][]\TU/SimSun(0)/m/n/12 式 \TU/lmr/m/n/12 15.1.15[][][]????????[][]\TU/SimSun(0)/m/n/12 式 \TU/lmr/m/n/12 15.1.16[][][]??? $\OT1/cmr/m/n/12 (^^A\OML/cmm/m/it/12 S\OT1/cmr/m/n/12 )[]$\TU/lmr/m/n/12 ?$\OT1/cmr/m/n/12 (^^A\OML/cmm/m/it/12 P\OT1/cmr/m/n/12 )[]$ \TU/lmr/m/n/12 ? $\OT1/cmr/m/n/12 (^^A\OML/cmm/m/it/12 S\OT1/cmr/m/n/12 ^^A\OML/cmm/m/it/12 P\OT1/cmr/m/n/12 )$ \TU/lmr/m/n/12 ???????????????????????????????? 
 []

[421]
Overfull \hbox (58.39584pt too wide) in paragraph at lines 1680--1681
[]\TU/lmr/m/n/12 15.3. ????? $\OML/cmm/m/it/12 E$ \TU/lmr/m/n/12 ? $\OML/cmm/m/it/12 V$ \TU/lmr/m/n/12 ???????????????? [][]\TU/SimSun(0)/m/n/12 式 \TU/lmr/m/n/12 15.1.8[][][] ???????[][]\TU/SimSun(0)/m/n/12 式 \TU/lmr/m/n/12 15.1.13[][][]?[][]\TU/SimSun(0)/m/n/12 式 \TU/lmr/m/n/12 15.1.15[][][]???????????????????
 []

[422]
Overfull \hbox (6.84702pt too wide) in paragraph at lines 1764--1765
\OML/cmm/m/it/12 ^^W\OT1/cmr/m/n/12 (0)$\TU/lmr/m/n/12 ??????????? $\OMS/cmsy/m/n/12 h\OML/cmm/m/it/12 x[]\OT1/cmr/m/n/12 (\OML/cmm/m/it/12 t\OT1/cmr/m/n/12 )\OMS/cmsy/m/n/12 i$ \TU/lmr/m/n/12 ? $\OMS/cmsy/m/n/12 h\OML/cmm/m/it/12 v[]\OT1/cmr/m/n/12 (\OML/cmm/m/it/12 t\OT1/cmr/m/n/12 )\OMS/cmsy/m/n/12 i$ \TU/lmr/m/n/12 ????????? $\OML/cmm/m/it/12 ![] \OMS/cmsy/m/n/12 ! \OT1/cmr/m/n/12 0$ \TU/lmr/m/n/12 ?????????????[][]\TU/SimSun(0)/m/n/12 式 \TU/lmr/m/n/12 15.3.29[][][]?[][]\TU/SimSun(0)/m/n/12 式 \TU/lmr/m/n/12 15.3.31[][][]???
 []

[423]
Overfull \hbox (30.14845pt too wide) in paragraph at lines 1838--1839
[]\TU/lmr/m/n/12 15.20. ?? $\OML/cmm/m/it/12 G[]\OT1/cmr/m/n/12 (\OML/cmm/m/it/12 t\OT1/cmr/m/n/12 ) = \OML/cmm/m/it/12 G[]\OT1/cmr/m/n/12 (\OML/cmm/m/it/12 t \OMS/cmsy/m/n/12 ^^@ \OML/cmm/m/it/12 i^^L[]\OT1/cmr/m/n/12 )$\TU/lmr/m/n/12 ????????????????-?????$[]\OT1/cmr/m/n/12 (\OML/cmm/m/it/12 !\OT1/cmr/m/n/12 ) = [] [] \OML/cmm/m/it/12 S[]\OT1/cmr/m/n/12 (\OML/cmm/m/it/12 !\OT1/cmr/m/n/12 )$\TU/lmr/m/n/12 ? 
 []


Overfull \hbox (80.33527pt too wide) in paragraph at lines 1840--1841
[]\TU/lmr/m/n/12 15.21. ?? $\OML/cmm/m/it/12 G[]\OT1/cmr/m/n/12 (\OML/cmm/m/it/12 t\OT1/cmr/m/n/12 ) = \OML/cmm/m/it/12 G[]\OT1/cmr/m/n/12 (\OML/cmm/m/it/12 t \OMS/cmsy/m/n/12 ^^@ \OML/cmm/m/it/12 i^^L[]\OT1/cmr/m/n/12 )$\TU/lmr/m/n/12 ?????????????????$[]\OT1/cmr/m/n/12 (\OML/cmm/m/it/12 t\OT1/cmr/m/n/12 )$ \TU/lmr/m/n/12 ?? $[]$???????????[][]\TU/SimSun(0)/m/n/12 式 \TU/lmr/m/n/12 15.6.39[][][]???? 
 []

[424]) [425]
\openout2 = `chap16.aux'.

 (./chap16.tex
Chapter 16.
[426




] [427] [428] [429]
Underfull \vbox (badness 1478) has occurred while \output is active []

 [430] [431] [432] [433] [434] [435] [436]) [437]
\openout2 = `chap17.aux'.

 (./chap17.tex [438




] [439] [440] [441] [442] [443] [444] [445] [446] [447] [448] [449] [450] [451] [452] [453] [454] [455] [456] [457] [458] [459] [460] [461] [462]
Overfull \hbox (48.73943pt too wide) in paragraph at lines 1028--1031
[]\TU/SimSun(0)/m/n/12 我 们 常 常 需 要 从 均 值 为 原 点、|  方 差 为 \TU/lmr/m/n/12 1 \TU/SimSun(0)/m/n/12 的 高 斯 分 布 中 抽 取 伪 随 机 数：| $\OML/cmm/m/it/12 P\OT1/cmr/m/n/12 (\OML/cmm/m/it/12 g\OT1/cmr/m/n/12 ) = [](\OMS/cmsy/m/n/12 ^^@\OML/cmm/m/it/12 g[]\OT1/cmr/m/n/12 /2)/[]$\TU/SimSun(0)/m/n/12 。|
 []

) [463] [464] (./main.aux (./chap1.aux) (./chap2.aux) (./chap3.aux) (./chap4.aux) (./chap5.aux) (./chap6.aux) (./chap7.aux) (./chap8.aux) (./chap9.aux) (./chap10.aux) (./chap11.aux) (./chap12.aux) (./chap13.aux) (./chap14.aux) (./chap15.aux) (./chap16.aux) (./chap17.aux))
Package rerunfilecheck Info: File `main.out' has not changed.
(rerunfilecheck)             Checksum: 122CD403B4307F822C52F83194364587;20774.
 ) 
Here is how much of TeX's memory you used:
 33248 strings out of 478630
 717758 string characters out of 5847730
 1886012 words of memory out of 5000000
 52720 multiletter control sequences out of 15000+600000
 528044 words of font info for 134 fonts, out of 8000000 for 9000
 36 hyphenation exceptions out of 8191
 89i,16n,97p,1197b,633s stack positions out of 10000i,1000n,20000p,200000b,200000s

Output written on main.pdf (470 pages).
